{"/home/travis/build/npmtest/node-npmtest-sonos/test.js":{"path":"/home/travis/build/npmtest/node-npmtest-sonos/test.js","s":{"1":2,"2":2,"3":2,"4":2,"5":2,"6":2,"7":2,"8":1,"9":2,"10":2,"11":1,"12":1,"13":1,"14":1,"15":2,"16":2,"17":2,"18":2,"19":1,"20":1,"21":2,"22":2,"23":2,"24":1,"25":1,"26":1,"27":1,"28":1,"29":1,"30":1,"31":1,"32":1,"33":1,"34":1,"35":1,"36":1,"37":1,"38":1,"39":2,"40":2,"41":1,"42":2,"43":2,"44":1,"45":2,"46":2,"47":1,"48":2,"49":2,"50":1,"51":1,"52":1,"53":1,"54":1},"b":{"1":[2,1,1,1],"2":[1,1,1,1],"3":[1,1],"4":[1,1],"5":[1,1],"6":[1,1],"7":[1,1],"8":[1,1],"9":[1,1],"10":[1,1,1],"11":[1,1],"12":[1,1],"13":[1,1],"14":[1,1],"15":[1,1],"16":[1,1],"17":[1,1]},"f":{"1":2,"2":2,"3":2,"4":2,"5":2,"6":1,"7":1,"8":1,"9":2,"10":2,"11":2,"12":2,"13":1},"fnMap":{"1":{"name":"(anonymous_1)","line":12,"loc":{"start":{"line":12,"column":1},"end":{"line":12,"column":13}}},"2":{"name":"(anonymous_2)","line":19,"loc":{"start":{"line":19,"column":5},"end":{"line":19,"column":17}}},"3":{"name":"(anonymous_3)","line":23,"loc":{"start":{"line":23,"column":24},"end":{"line":23,"column":36}}},"4":{"name":"(anonymous_4)","line":61,"loc":{"start":{"line":61,"column":5},"end":{"line":61,"column":17}}},"5":{"name":"(anonymous_5)","line":82,"loc":{"start":{"line":82,"column":5},"end":{"line":82,"column":17}}},"6":{"name":"(anonymous_6)","line":91,"loc":{"start":{"line":91,"column":77},"end":{"line":94,"column":10}}},"7":{"name":"(anonymous_7)","line":112,"loc":{"start":{"line":112,"column":83},"end":{"line":115,"column":10}},"skip":true},"8":{"name":"(anonymous_8)","line":123,"loc":{"start":{"line":123,"column":77},"end":{"line":126,"column":10}},"skip":true},"9":{"name":"(anonymous_9)","line":139,"loc":{"start":{"line":139,"column":12},"end":{"line":139,"column":40}},"skip":true},"10":{"name":"(anonymous_10)","line":147,"loc":{"start":{"line":147,"column":77},"end":{"line":150,"column":10}},"skip":true},"11":{"name":"(anonymous_11)","line":158,"loc":{"start":{"line":158,"column":83},"end":{"line":161,"column":10}},"skip":true},"12":{"name":"(anonymous_12)","line":169,"loc":{"start":{"line":169,"column":79},"end":{"line":172,"column":10}},"skip":true},"13":{"name":"(anonymous_13)","line":180,"loc":{"start":{"line":180,"column":75},"end":{"line":183,"column":10}},"skip":true}},"statementMap":{"1":{"start":{"line":12,"column":0},"end":{"line":195,"column":5}},"2":{"start":{"line":14,"column":4},"end":{"line":14,"column":14}},"3":{"start":{"line":19,"column":4},"end":{"line":56,"column":9}},"4":{"start":{"line":21,"column":8},"end":{"line":21,"column":19}},"5":{"start":{"line":23,"column":8},"end":{"line":35,"column":13}},"6":{"start":{"line":24,"column":12},"end":{"line":34,"column":13}},"7":{"start":{"line":25,"column":16},"end":{"line":28,"column":30}},"8":{"start":{"line":30,"column":16},"end":{"line":33,"column":27}},"9":{"start":{"line":37,"column":8},"end":{"line":39,"column":21}},"10":{"start":{"line":40,"column":8},"end":{"line":53,"column":9}},"11":{"start":{"line":43,"column":12},"end":{"line":46,"column":14}},"12":{"start":{"line":47,"column":12},"end":{"line":47,"column":18}},"13":{"start":{"line":50,"column":12},"end":{"line":51,"column":46}},"14":{"start":{"line":52,"column":12},"end":{"line":52,"column":18}},"15":{"start":{"line":55,"column":8},"end":{"line":55,"column":35}},"16":{"start":{"line":61,"column":4},"end":{"line":63,"column":9}},"17":{"start":{"line":62,"column":8},"end":{"line":62,"column":15}},"18":{"start":{"line":64,"column":4},"end":{"line":77,"column":5}},"19":{"start":{"line":70,"column":8},"end":{"line":70,"column":14}},"20":{"start":{"line":76,"column":8},"end":{"line":76,"column":14}},"21":{"start":{"line":82,"column":4},"end":{"line":84,"column":9}},"22":{"start":{"line":83,"column":8},"end":{"line":83,"column":15}},"23":{"start":{"line":85,"column":4},"end":{"line":194,"column":5}},"24":{"start":{"line":91,"column":8},"end":{"line":99,"column":10}},"25":{"start":{"line":98,"column":12},"end":{"line":98,"column":35}},"26":{"start":{"line":102,"column":8},"end":{"line":104,"column":63}},"27":{"start":{"line":105,"column":8},"end":{"line":105,"column":14}},"28":{"start":{"line":112,"column":8},"end":{"line":121,"column":10},"skip":true},"29":{"start":{"line":119,"column":12},"end":{"line":119,"column":55},"skip":true},"30":{"start":{"line":120,"column":12},"end":{"line":120,"column":48},"skip":true},"31":{"start":{"line":123,"column":8},"end":{"line":136,"column":10},"skip":true},"32":{"start":{"line":130,"column":12},"end":{"line":130,"column":76},"skip":true},"33":{"start":{"line":131,"column":12},"end":{"line":131,"column":73},"skip":true},"34":{"start":{"line":132,"column":12},"end":{"line":132,"column":74},"skip":true},"35":{"start":{"line":133,"column":12},"end":{"line":133,"column":79},"skip":true},"36":{"start":{"line":134,"column":12},"end":{"line":134,"column":25},"skip":true},"37":{"start":{"line":135,"column":12},"end":{"line":135,"column":45},"skip":true},"38":{"start":{"line":138,"column":8},"end":{"line":145,"column":14},"skip":true},"39":{"start":{"line":143,"column":16},"end":{"line":143,"column":29},"skip":true},"40":{"start":{"line":144,"column":16},"end":{"line":144,"column":55},"skip":true},"41":{"start":{"line":147,"column":8},"end":{"line":156,"column":10},"skip":true},"42":{"start":{"line":154,"column":12},"end":{"line":154,"column":25},"skip":true},"43":{"start":{"line":155,"column":12},"end":{"line":155,"column":45},"skip":true},"44":{"start":{"line":158,"column":8},"end":{"line":167,"column":10},"skip":true},"45":{"start":{"line":165,"column":12},"end":{"line":165,"column":25},"skip":true},"46":{"start":{"line":166,"column":12},"end":{"line":166,"column":48},"skip":true},"47":{"start":{"line":169,"column":8},"end":{"line":178,"column":10},"skip":true},"48":{"start":{"line":176,"column":12},"end":{"line":176,"column":25},"skip":true},"49":{"start":{"line":177,"column":12},"end":{"line":177,"column":46},"skip":true},"50":{"start":{"line":180,"column":8},"end":{"line":189,"column":10},"skip":true},"51":{"start":{"line":187,"column":12},"end":{"line":187,"column":94},"skip":true},"52":{"start":{"line":188,"column":12},"end":{"line":188,"column":48},"skip":true},"53":{"start":{"line":192,"column":8},"end":{"line":192,"column":35},"skip":true},"54":{"start":{"line":193,"column":8},"end":{"line":193,"column":14},"skip":true}},"branchMap":{"1":{"line":25,"type":"binary-expr","locations":[{"start":{"line":25,"column":23},"end":{"line":25,"column":62}},{"start":{"line":26,"column":20},"end":{"line":26,"column":70}},{"start":{"line":27,"column":20},"end":{"line":27,"column":71}},{"start":{"line":28,"column":20},"end":{"line":28,"column":29}}]},"2":{"line":30,"type":"binary-expr","locations":[{"start":{"line":30,"column":23},"end":{"line":30,"column":37}},{"start":{"line":31,"column":20},"end":{"line":31,"column":61}},{"start":{"line":32,"column":20},"end":{"line":32,"column":70}},{"start":{"line":33,"column":20},"end":{"line":33,"column":26}}]},"3":{"line":37,"type":"cond-expr","locations":[{"start":{"line":38,"column":14},"end":{"line":38,"column":20}},{"start":{"line":39,"column":14},"end":{"line":39,"column":20}}]},"4":{"line":40,"type":"switch","locations":[{"start":{"line":42,"column":8},"end":{"line":47,"column":18}},{"start":{"line":49,"column":8},"end":{"line":52,"column":18}}]},"5":{"line":44,"type":"binary-expr","locations":[{"start":{"line":44,"column":16},"end":{"line":44,"column":44}},{"start":{"line":44,"column":48},"end":{"line":44,"column":66}}]},"6":{"line":50,"type":"binary-expr","locations":[{"start":{"line":50,"column":21},"end":{"line":50,"column":49}},{"start":{"line":50,"column":53},"end":{"line":50,"column":72}}]},"7":{"line":64,"type":"switch","locations":[{"start":{"line":69,"column":4},"end":{"line":70,"column":14}},{"start":{"line":75,"column":4},"end":{"line":76,"column":14}}]},"8":{"line":85,"type":"switch","locations":[{"start":{"line":90,"column":4},"end":{"line":105,"column":14}},{"start":{"line":111,"column":4},"end":{"line":193,"column":14},"skip":true}]},"9":{"line":91,"type":"binary-expr","locations":[{"start":{"line":91,"column":42},"end":{"line":91,"column":73}},{"start":{"line":91,"column":77},"end":{"line":99,"column":9}}]},"10":{"line":102,"type":"binary-expr","locations":[{"start":{"line":102,"column":18},"end":{"line":102,"column":32}},{"start":{"line":103,"column":12},"end":{"line":103,"column":53}},{"start":{"line":104,"column":12},"end":{"line":104,"column":61}}]},"11":{"line":112,"type":"binary-expr","locations":[{"start":{"line":112,"column":45},"end":{"line":112,"column":79},"skip":true},{"start":{"line":112,"column":83},"end":{"line":121,"column":9},"skip":true}]},"12":{"line":123,"type":"binary-expr","locations":[{"start":{"line":123,"column":42},"end":{"line":123,"column":73},"skip":true},{"start":{"line":123,"column":77},"end":{"line":136,"column":9},"skip":true}]},"13":{"line":138,"type":"binary-expr","locations":[{"start":{"line":138,"column":48},"end":{"line":138,"column":85},"skip":true},{"start":{"line":139,"column":12},"end":{"line":145,"column":13},"skip":true}]},"14":{"line":147,"type":"binary-expr","locations":[{"start":{"line":147,"column":42},"end":{"line":147,"column":73},"skip":true},{"start":{"line":147,"column":77},"end":{"line":156,"column":9},"skip":true}]},"15":{"line":158,"type":"binary-expr","locations":[{"start":{"line":158,"column":45},"end":{"line":158,"column":79},"skip":true},{"start":{"line":158,"column":83},"end":{"line":167,"column":9},"skip":true}]},"16":{"line":169,"type":"binary-expr","locations":[{"start":{"line":169,"column":43},"end":{"line":169,"column":75},"skip":true},{"start":{"line":169,"column":79},"end":{"line":178,"column":9},"skip":true}]},"17":{"line":180,"type":"binary-expr","locations":[{"start":{"line":180,"column":41},"end":{"line":180,"column":71},"skip":true},{"start":{"line":180,"column":75},"end":{"line":189,"column":9},"skip":true}]}},"code":["/* istanbul instrument in package npmtest_sonos */","/*jslint","    bitwise: true,","    browser: true,","    maxerr: 8,","    maxlen: 96,","    node: true,","    nomen: true,","    regexp: true,","    stupid: true","*/","(function () {","    'use strict';","    var local;","","","","    // run shared js-env code - pre-init","    (function () {","        // init local","        local = {};","        // init modeJs","        local.modeJs = (function () {","            try {","                return typeof navigator.userAgent === 'string' &&","                    typeof document.querySelector('body') === 'object' &&","                    typeof XMLHttpRequest.prototype.open === 'function' &&","                    'browser';","            } catch (errorCaughtBrowser) {","                return module.exports &&","                    typeof process.versions.node === 'string' &&","                    typeof require('http').createServer === 'function' &&","                    'node';","            }","        }());","        // init global","        local.global = local.modeJs === 'browser'","            ? window","            : global;","        switch (local.modeJs) {","        // re-init local from window.local","        case 'browser':","            local = local.global.utility2.objectSetDefault(","                local.global.utility2_rollup || local.global.local,","                local.global.utility2","            );","            break;","        // re-init local from example.js","        case 'node':","            local = (local.global.utility2_rollup || require('utility2'))","                .requireExampleJsFromReadme();","            break;","        }","        // export local","        local.global.local = local;","    }());","","","","    // run shared js-env code - function","    (function () {","        return;","    }());","    switch (local.modeJs) {","","","","    // run browser js-env code - function","    case 'browser':","        break;","","","","    // run node js-env code - function","    case 'node':","        break;","    }","","","","    // run shared js-env code - post-init","    (function () {","        return;","    }());","    switch (local.modeJs) {","","","","    // run browser js-env code - post-init","    case 'browser':","        local.testCase_browser_nullCase = local.testCase_browser_nullCase || function (","            options,","            onError","        ) {","        /*","         * this function will test browsers's null-case handling-behavior-behavior","         */","            onError(null, options);","        };","","        // run tests","        local.nop(local.modeTest &&","            document.querySelector('#testRunButton1') &&","            document.querySelector('#testRunButton1').click());","        break;","","","","    // run node js-env code - post-init","    /* istanbul ignore next */","    case 'node':","        local.testCase_buildApidoc_default = local.testCase_buildApidoc_default || function (","            options,","            onError","        ) {","        /*","         * this function will test buildApidoc's default handling-behavior-behavior","         */","            options = { modulePathList: module.paths };","            local.buildApidoc(options, onError);","        };","","        local.testCase_buildApp_default = local.testCase_buildApp_default || function (","            options,","            onError","        ) {","        /*","         * this function will test buildApp's default handling-behavior-behavior","         */","            local.testCase_buildReadme_default(options, local.onErrorThrow);","            local.testCase_buildLib_default(options, local.onErrorThrow);","            local.testCase_buildTest_default(options, local.onErrorThrow);","            local.testCase_buildCustomOrg_default(options, local.onErrorThrow);","            options = [];","            local.buildApp(options, onError);","        };","","        local.testCase_buildCustomOrg_default = local.testCase_buildCustomOrg_default ||","            function (options, onError) {","            /*","             * this function will test buildCustomOrg's default handling-behavior","             */","                options = {};","                local.buildCustomOrg(options, onError);","            };","","        local.testCase_buildLib_default = local.testCase_buildLib_default || function (","            options,","            onError","        ) {","        /*","         * this function will test buildLib's default handling-behavior","         */","            options = {};","            local.buildLib(options, onError);","        };","","        local.testCase_buildReadme_default = local.testCase_buildReadme_default || function (","            options,","            onError","        ) {","        /*","         * this function will test buildReadme's default handling-behavior-behavior","         */","            options = {};","            local.buildReadme(options, onError);","        };","","        local.testCase_buildTest_default = local.testCase_buildTest_default || function (","            options,","            onError","        ) {","        /*","         * this function will test buildTest's default handling-behavior","         */","            options = {};","            local.buildTest(options, onError);","        };","","        local.testCase_webpage_default = local.testCase_webpage_default || function (","            options,","            onError","        ) {","        /*","         * this function will test webpage's default handling-behavior","         */","            options = { modeCoverageMerge: true, url: local.serverLocalHost + '?modeTest=1' };","            local.browserTest(options, onError);","        };","","        // run test-server","        local.testRunServer(local);","        break;","    }","}());",""],"l":{"12":2,"14":2,"19":2,"21":2,"23":2,"24":2,"25":2,"30":1,"37":2,"40":2,"43":1,"47":1,"50":1,"52":1,"55":2,"61":2,"62":2,"64":2,"70":1,"76":1,"82":2,"83":2,"85":2,"91":1,"98":1,"102":1,"105":1,"112":1,"119":1,"120":1,"123":1,"130":1,"131":1,"132":1,"133":1,"134":1,"135":1,"138":1,"143":2,"144":2,"147":1,"154":2,"155":2,"158":1,"165":2,"166":2,"169":1,"176":2,"177":2,"180":1,"187":1,"188":1,"192":1,"193":1}},"/home/travis/build/npmtest/node-npmtest-sonos/lib.npmtest_sonos.js":{"path":"/home/travis/build/npmtest/node-npmtest-sonos/lib.npmtest_sonos.js","s":{"1":2,"2":2,"3":2,"4":2,"5":2,"6":2,"7":2,"8":1,"9":2,"10":2,"11":2,"12":2,"13":1,"14":1,"15":1,"16":1},"b":{"1":[2,1,1,1],"2":[1,1,1,1],"3":[1,1],"4":[2,2],"5":[1,1]},"f":{"1":2,"2":2,"3":2},"fnMap":{"1":{"name":"(anonymous_1)","line":12,"loc":{"start":{"line":12,"column":1},"end":{"line":12,"column":13}}},"2":{"name":"(anonymous_2)","line":19,"loc":{"start":{"line":19,"column":5},"end":{"line":19,"column":17}}},"3":{"name":"(anonymous_3)","line":23,"loc":{"start":{"line":23,"column":24},"end":{"line":23,"column":36}}}},"statementMap":{"1":{"start":{"line":12,"column":0},"end":{"line":53,"column":5}},"2":{"start":{"line":14,"column":4},"end":{"line":14,"column":14}},"3":{"start":{"line":19,"column":4},"end":{"line":52,"column":9}},"4":{"start":{"line":21,"column":8},"end":{"line":21,"column":19}},"5":{"start":{"line":23,"column":8},"end":{"line":35,"column":13}},"6":{"start":{"line":24,"column":12},"end":{"line":34,"column":13}},"7":{"start":{"line":25,"column":16},"end":{"line":28,"column":30}},"8":{"start":{"line":30,"column":16},"end":{"line":33,"column":27}},"9":{"start":{"line":37,"column":8},"end":{"line":39,"column":21}},"10":{"start":{"line":41,"column":8},"end":{"line":41,"column":54}},"11":{"start":{"line":43,"column":8},"end":{"line":43,"column":50}},"12":{"start":{"line":45,"column":8},"end":{"line":51,"column":9}},"13":{"start":{"line":46,"column":12},"end":{"line":46,"column":56}},"14":{"start":{"line":48,"column":12},"end":{"line":48,"column":35}},"15":{"start":{"line":49,"column":12},"end":{"line":49,"column":49}},"16":{"start":{"line":50,"column":12},"end":{"line":50,"column":43}}},"branchMap":{"1":{"line":25,"type":"binary-expr","locations":[{"start":{"line":25,"column":23},"end":{"line":25,"column":62}},{"start":{"line":26,"column":20},"end":{"line":26,"column":70}},{"start":{"line":27,"column":20},"end":{"line":27,"column":71}},{"start":{"line":28,"column":20},"end":{"line":28,"column":29}}]},"2":{"line":30,"type":"binary-expr","locations":[{"start":{"line":30,"column":23},"end":{"line":30,"column":37}},{"start":{"line":31,"column":20},"end":{"line":31,"column":61}},{"start":{"line":32,"column":20},"end":{"line":32,"column":70}},{"start":{"line":33,"column":20},"end":{"line":33,"column":26}}]},"3":{"line":37,"type":"cond-expr","locations":[{"start":{"line":38,"column":14},"end":{"line":38,"column":20}},{"start":{"line":39,"column":14},"end":{"line":39,"column":20}}]},"4":{"line":41,"type":"binary-expr","locations":[{"start":{"line":41,"column":16},"end":{"line":41,"column":44}},{"start":{"line":41,"column":48},"end":{"line":41,"column":53}}]},"5":{"line":45,"type":"if","locations":[{"start":{"line":45,"column":8},"end":{"line":45,"column":8}},{"start":{"line":45,"column":8},"end":{"line":45,"column":8}}]}},"code":["/* istanbul instrument in package npmtest_sonos */","/*jslint","    bitwise: true,","    browser: true,","    maxerr: 8,","    maxlen: 96,","    node: true,","    nomen: true,","    regexp: true,","    stupid: true","*/","(function () {","    'use strict';","    var local;","","","","    // run shared js-env code - pre-init","    (function () {","        // init local","        local = {};","        // init modeJs","        local.modeJs = (function () {","            try {","                return typeof navigator.userAgent === 'string' &&","                    typeof document.querySelector('body') === 'object' &&","                    typeof XMLHttpRequest.prototype.open === 'function' &&","                    'browser';","            } catch (errorCaughtBrowser) {","                return module.exports &&","                    typeof process.versions.node === 'string' &&","                    typeof require('http').createServer === 'function' &&","                    'node';","            }","        }());","        // init global","        local.global = local.modeJs === 'browser'","            ? window","            : global;","        // init utility2_rollup","        local = local.global.utility2_rollup || local;","        // init lib","        local.local = local.npmtest_sonos = local;","        // init exports","        if (local.modeJs === 'browser') {","            local.global.utility2_npmtest_sonos = local;","        } else {","            module.exports = local;","            module.exports.__dirname = __dirname;","            module.exports.module = module;","        }","    }());","}());",""],"l":{"12":2,"14":2,"19":2,"21":2,"23":2,"24":2,"25":2,"30":1,"37":2,"41":2,"43":2,"45":2,"46":1,"48":1,"49":1,"50":1}},"/home/travis/build/npmtest/node-npmtest-sonos/example.js":{"path":"/home/travis/build/npmtest/node-npmtest-sonos/example.js","s":{"1":2,"2":2,"3":2,"4":2,"5":2,"6":2,"7":2,"8":1,"9":2,"10":2,"11":2,"12":2,"13":1,"14":2,"15":2,"16":2,"17":2,"18":2,"19":0,"20":2,"21":1,"22":1,"23":1,"24":1,"25":1,"26":0,"27":0,"28":1,"29":1,"30":2,"31":0,"32":0,"33":0,"34":1,"35":2,"36":2,"37":3,"38":3,"39":3,"40":3,"41":0,"42":3,"43":3,"44":3,"45":1,"46":3,"47":1,"48":1,"49":1,"50":1,"51":1,"52":1,"53":1,"54":1,"55":1,"56":1,"57":0,"58":1,"59":6,"60":6,"61":1,"62":2,"63":0,"64":2,"65":1,"66":1,"67":0,"68":0,"69":0,"70":0,"71":0,"72":0,"73":0,"74":0,"75":0,"76":0,"77":0,"78":0,"79":0,"80":0,"81":0,"82":0,"83":0},"b":{"1":[2,1,1,1],"2":[1,1,1,1],"3":[1,1],"4":[2,2],"5":[1,1],"6":[1,1],"7":[2,0],"8":[2,1,1,1,1,1],"9":[0,2,0],"10":[1,1],"11":[2,1,1],"12":[1,0],"13":[0,2],"14":[2,0,0,0,0,0,0],"15":[0,3],"16":[3,0],"17":[1,1],"18":[0,1],"19":[1,2,0,2],"20":[1,0],"21":[1,1],"22":[0,0],"23":[0,0],"24":[0,0],"25":[0,0],"26":[0,0],"27":[0,0],"28":[0,0]},"f":{"1":2,"2":2,"3":2,"4":2,"5":2,"6":2,"7":3,"8":3,"9":3,"10":1,"11":6,"12":0},"fnMap":{"1":{"name":"(anonymous_1)","line":26,"loc":{"start":{"line":26,"column":1},"end":{"line":26,"column":13}}},"2":{"name":"(anonymous_2)","line":33,"loc":{"start":{"line":33,"column":5},"end":{"line":33,"column":17}}},"3":{"name":"(anonymous_3)","line":37,"loc":{"start":{"line":37,"column":24},"end":{"line":37,"column":36}}},"4":{"name":"(anonymous_4)","line":69,"loc":{"start":{"line":69,"column":31},"end":{"line":69,"column":48}},"skip":true},"5":{"name":"(anonymous_5)","line":78,"loc":{"start":{"line":78,"column":26},"end":{"line":78,"column":45}},"skip":true},"6":{"name":"(anonymous_6)","line":123,"loc":{"start":{"line":123,"column":33},"end":{"line":123,"column":48}},"skip":true},"7":{"name":"(anonymous_7)","line":125,"loc":{"start":{"line":125,"column":27},"end":{"line":125,"column":39}},"skip":true},"8":{"name":"(anonymous_8)","line":133,"loc":{"start":{"line":133,"column":59},"end":{"line":133,"column":74}},"skip":true},"9":{"name":"(anonymous_9)","line":143,"loc":{"start":{"line":143,"column":45},"end":{"line":143,"column":62}},"skip":true},"10":{"name":"(anonymous_10)","line":144,"loc":{"start":{"line":144,"column":73},"end":{"line":144,"column":92}},"skip":true},"11":{"name":"(anonymous_11)","line":272,"loc":{"start":{"line":272,"column":51},"end":{"line":272,"column":77}},"skip":true},"12":{"name":"(anonymous_12)","line":315,"loc":{"start":{"line":315,"column":32},"end":{"line":315,"column":61}},"skip":true}},"statementMap":{"1":{"start":{"line":26,"column":0},"end":{"line":326,"column":5}},"2":{"start":{"line":28,"column":4},"end":{"line":28,"column":14}},"3":{"start":{"line":33,"column":4},"end":{"line":60,"column":9}},"4":{"start":{"line":35,"column":8},"end":{"line":35,"column":19}},"5":{"start":{"line":37,"column":8},"end":{"line":49,"column":13}},"6":{"start":{"line":38,"column":12},"end":{"line":48,"column":13}},"7":{"start":{"line":39,"column":16},"end":{"line":42,"column":30}},"8":{"start":{"line":44,"column":16},"end":{"line":47,"column":27}},"9":{"start":{"line":51,"column":8},"end":{"line":53,"column":21}},"10":{"start":{"line":55,"column":8},"end":{"line":57,"column":45}},"11":{"start":{"line":59,"column":8},"end":{"line":59,"column":35}},"12":{"start":{"line":61,"column":4},"end":{"line":325,"column":5}},"13":{"start":{"line":69,"column":8},"end":{"line":121,"column":10},"skip":true},"14":{"start":{"line":70,"column":12},"end":{"line":88,"column":13},"skip":true},"15":{"start":{"line":76,"column":16},"end":{"line":87,"column":19},"skip":true},"16":{"start":{"line":79,"column":20},"end":{"line":86,"column":21},"skip":true},"17":{"start":{"line":82,"column":24},"end":{"line":82,"column":43},"skip":true},"18":{"start":{"line":83,"column":24},"end":{"line":83,"column":30},"skip":true},"19":{"start":{"line":85,"column":24},"end":{"line":85,"column":49},"skip":true},"20":{"start":{"line":89,"column":12},"end":{"line":107,"column":13},"skip":true},"21":{"start":{"line":92,"column":16},"end":{"line":102,"column":17},"skip":true},"22":{"start":{"line":93,"column":20},"end":{"line":93,"column":86},"skip":true},"23":{"start":{"line":94,"column":20},"end":{"line":95,"column":45},"skip":true},"24":{"start":{"line":96,"column":20},"end":{"line":96,"column":42},"skip":true},"25":{"start":{"line":97,"column":20},"end":{"line":97,"column":48},"skip":true},"26":{"start":{"line":100,"column":20},"end":{"line":100,"column":85},"skip":true},"27":{"start":{"line":101,"column":20},"end":{"line":101,"column":96},"skip":true},"28":{"start":{"line":103,"column":16},"end":{"line":103,"column":22},"skip":true},"29":{"start":{"line":106,"column":16},"end":{"line":106,"column":22},"skip":true},"30":{"start":{"line":108,"column":12},"end":{"line":120,"column":13},"skip":true},"31":{"start":{"line":114,"column":16},"end":{"line":119,"column":17},"skip":true},"32":{"start":{"line":116,"column":20},"end":{"line":116,"column":78},"skip":true},"33":{"start":{"line":118,"column":20},"end":{"line":118,"column":47},"skip":true},"34":{"start":{"line":123,"column":8},"end":{"line":141,"column":11},"skip":true},"35":{"start":{"line":124,"column":12},"end":{"line":124,"column":54},"skip":true},"36":{"start":{"line":125,"column":12},"end":{"line":140,"column":14},"skip":true},"37":{"start":{"line":126,"column":16},"end":{"line":126,"column":28},"skip":true},"38":{"start":{"line":127,"column":16},"end":{"line":127,"column":69},"skip":true},"39":{"start":{"line":128,"column":16},"end":{"line":128,"column":75},"skip":true},"40":{"start":{"line":129,"column":16},"end":{"line":131,"column":17},"skip":true},"41":{"start":{"line":130,"column":20},"end":{"line":130,"column":27},"skip":true},"42":{"start":{"line":133,"column":16},"end":{"line":137,"column":36},"skip":true},"43":{"start":{"line":134,"column":20},"end":{"line":136,"column":55},"skip":true},"44":{"start":{"line":139,"column":16},"end":{"line":139,"column":57},"skip":true},"45":{"start":{"line":143,"column":8},"end":{"line":147,"column":11},"skip":true},"46":{"start":{"line":144,"column":12},"end":{"line":146,"column":15},"skip":true},"47":{"start":{"line":145,"column":16},"end":{"line":145,"column":70},"skip":true},"48":{"start":{"line":149,"column":8},"end":{"line":149,"column":31},"skip":true},"49":{"start":{"line":150,"column":8},"end":{"line":150,"column":14},"skip":true},"50":{"start":{"line":158,"column":8},"end":{"line":158,"column":31},"skip":true},"51":{"start":{"line":160,"column":8},"end":{"line":160,"column":33},"skip":true},"52":{"start":{"line":161,"column":8},"end":{"line":161,"column":37},"skip":true},"53":{"start":{"line":162,"column":8},"end":{"line":162,"column":35},"skip":true},"54":{"start":{"line":164,"column":8},"end":{"line":164,"column":50},"skip":true},"55":{"start":{"line":166,"column":8},"end":{"line":256,"column":2},"skip":true},"56":{"start":{"line":258,"column":8},"end":{"line":286,"column":9},"skip":true},"57":{"start":{"line":259,"column":12},"end":{"line":269,"column":14},"skip":true},"58":{"start":{"line":271,"column":12},"end":{"line":285,"column":19},"skip":true},"59":{"start":{"line":274,"column":20},"end":{"line":274,"column":35},"skip":true},"60":{"start":{"line":275,"column":20},"end":{"line":284,"column":21},"skip":true},"61":{"start":{"line":277,"column":24},"end":{"line":277,"column":64},"skip":true},"62":{"start":{"line":279,"column":24},"end":{"line":279,"column":40},"skip":true},"63":{"start":{"line":281,"column":24},"end":{"line":281,"column":40},"skip":true},"64":{"start":{"line":283,"column":24},"end":{"line":283,"column":39},"skip":true},"65":{"start":{"line":288,"column":8},"end":{"line":290,"column":9},"skip":true},"66":{"start":{"line":289,"column":12},"end":{"line":289,"column":18},"skip":true},"67":{"start":{"line":291,"column":8},"end":{"line":293,"column":54},"skip":true},"68":{"start":{"line":296,"column":8},"end":{"line":301,"column":37},"skip":true},"69":{"start":{"line":303,"column":8},"end":{"line":303,"column":82},"skip":true},"70":{"start":{"line":306,"column":8},"end":{"line":308,"column":9},"skip":true},"71":{"start":{"line":307,"column":12},"end":{"line":307,"column":82},"skip":true},"72":{"start":{"line":310,"column":8},"end":{"line":312,"column":9},"skip":true},"73":{"start":{"line":311,"column":12},"end":{"line":311,"column":18},"skip":true},"74":{"start":{"line":313,"column":8},"end":{"line":313,"column":54},"skip":true},"75":{"start":{"line":314,"column":8},"end":{"line":314,"column":69},"skip":true},"76":{"start":{"line":315,"column":8},"end":{"line":323,"column":36},"skip":true},"77":{"start":{"line":316,"column":12},"end":{"line":316,"column":61},"skip":true},"78":{"start":{"line":317,"column":12},"end":{"line":320,"column":13},"skip":true},"79":{"start":{"line":318,"column":16},"end":{"line":318,"column":75},"skip":true},"80":{"start":{"line":319,"column":16},"end":{"line":319,"column":23},"skip":true},"81":{"start":{"line":321,"column":12},"end":{"line":321,"column":38},"skip":true},"82":{"start":{"line":322,"column":12},"end":{"line":322,"column":27},"skip":true},"83":{"start":{"line":324,"column":8},"end":{"line":324,"column":14},"skip":true}},"branchMap":{"1":{"line":39,"type":"binary-expr","locations":[{"start":{"line":39,"column":23},"end":{"line":39,"column":62}},{"start":{"line":40,"column":20},"end":{"line":40,"column":70}},{"start":{"line":41,"column":20},"end":{"line":41,"column":71}},{"start":{"line":42,"column":20},"end":{"line":42,"column":29}}]},"2":{"line":44,"type":"binary-expr","locations":[{"start":{"line":44,"column":23},"end":{"line":44,"column":37}},{"start":{"line":45,"column":20},"end":{"line":45,"column":61}},{"start":{"line":46,"column":20},"end":{"line":46,"column":70}},{"start":{"line":47,"column":20},"end":{"line":47,"column":26}}]},"3":{"line":51,"type":"cond-expr","locations":[{"start":{"line":52,"column":14},"end":{"line":52,"column":20}},{"start":{"line":53,"column":14},"end":{"line":53,"column":20}}]},"4":{"line":55,"type":"binary-expr","locations":[{"start":{"line":55,"column":16},"end":{"line":55,"column":44}},{"start":{"line":55,"column":49},"end":{"line":57,"column":43}}]},"5":{"line":55,"type":"cond-expr","locations":[{"start":{"line":56,"column":14},"end":{"line":56,"column":49}},{"start":{"line":57,"column":14},"end":{"line":57,"column":43}}]},"6":{"line":61,"type":"switch","locations":[{"start":{"line":68,"column":4},"end":{"line":150,"column":14},"skip":true},{"start":{"line":156,"column":4},"end":{"line":324,"column":14},"skip":true}]},"7":{"line":70,"type":"if","locations":[{"start":{"line":70,"column":12},"end":{"line":70,"column":12},"skip":true},{"start":{"line":70,"column":12},"end":{"line":70,"column":12},"skip":true}]},"8":{"line":70,"type":"binary-expr","locations":[{"start":{"line":70,"column":16},"end":{"line":70,"column":22},"skip":true},{"start":{"line":70,"column":27},"end":{"line":70,"column":32},"skip":true},{"start":{"line":71,"column":20},"end":{"line":71,"column":39},"skip":true},{"start":{"line":72,"column":20},"end":{"line":72,"column":49},"skip":true},{"start":{"line":73,"column":20},"end":{"line":73,"column":58},"skip":true},{"start":{"line":74,"column":20},"end":{"line":74,"column":69},"skip":true}]},"9":{"line":79,"type":"switch","locations":[{"start":{"line":80,"column":20},"end":{"line":80,"column":33},"skip":true},{"start":{"line":81,"column":20},"end":{"line":83,"column":30},"skip":true},{"start":{"line":84,"column":20},"end":{"line":85,"column":49},"skip":true}]},"10":{"line":89,"type":"switch","locations":[{"start":{"line":90,"column":12},"end":{"line":103,"column":22},"skip":true},{"start":{"line":105,"column":12},"end":{"line":106,"column":22},"skip":true}]},"11":{"line":89,"type":"binary-expr","locations":[{"start":{"line":89,"column":20},"end":{"line":89,"column":25},"skip":true},{"start":{"line":89,"column":29},"end":{"line":89,"column":48},"skip":true},{"start":{"line":89,"column":52},"end":{"line":89,"column":74},"skip":true}]},"12":{"line":92,"type":"if","locations":[{"start":{"line":92,"column":16},"end":{"line":92,"column":16},"skip":true},{"start":{"line":92,"column":16},"end":{"line":92,"column":16},"skip":true}]},"13":{"line":108,"type":"if","locations":[{"start":{"line":108,"column":12},"end":{"line":108,"column":12},"skip":true},{"start":{"line":108,"column":12},"end":{"line":108,"column":12},"skip":true}]},"14":{"line":108,"type":"binary-expr","locations":[{"start":{"line":108,"column":16},"end":{"line":108,"column":61},"skip":true},{"start":{"line":108,"column":66},"end":{"line":108,"column":72},"skip":true},{"start":{"line":108,"column":77},"end":{"line":108,"column":82},"skip":true},{"start":{"line":109,"column":20},"end":{"line":109,"column":39},"skip":true},{"start":{"line":110,"column":20},"end":{"line":110,"column":49},"skip":true},{"start":{"line":111,"column":20},"end":{"line":111,"column":58},"skip":true},{"start":{"line":112,"column":20},"end":{"line":112,"column":68},"skip":true}]},"15":{"line":129,"type":"if","locations":[{"start":{"line":129,"column":16},"end":{"line":129,"column":16},"skip":true},{"start":{"line":129,"column":16},"end":{"line":129,"column":16},"skip":true}]},"16":{"line":134,"type":"cond-expr","locations":[{"start":{"line":135,"column":26},"end":{"line":135,"column":29},"skip":true},{"start":{"line":136,"column":26},"end":{"line":136,"column":54},"skip":true}]},"17":{"line":164,"type":"binary-expr","locations":[{"start":{"line":164,"column":27},"end":{"line":164,"column":43},"skip":true},{"start":{"line":164,"column":47},"end":{"line":164,"column":49},"skip":true}]},"18":{"line":258,"type":"if","locations":[{"start":{"line":258,"column":8},"end":{"line":258,"column":8},"skip":true},{"start":{"line":258,"column":8},"end":{"line":258,"column":8},"skip":true}]},"19":{"line":275,"type":"switch","locations":[{"start":{"line":276,"column":20},"end":{"line":277,"column":64},"skip":true},{"start":{"line":278,"column":20},"end":{"line":279,"column":40},"skip":true},{"start":{"line":280,"column":20},"end":{"line":281,"column":40},"skip":true},{"start":{"line":282,"column":20},"end":{"line":283,"column":39},"skip":true}]},"20":{"line":288,"type":"if","locations":[{"start":{"line":288,"column":8},"end":{"line":288,"column":8},"skip":true},{"start":{"line":288,"column":8},"end":{"line":288,"column":8},"skip":true}]},"21":{"line":288,"type":"binary-expr","locations":[{"start":{"line":288,"column":12},"end":{"line":288,"column":40},"skip":true},{"start":{"line":288,"column":44},"end":{"line":288,"column":67},"skip":true}]},"22":{"line":292,"type":"binary-expr","locations":[{"start":{"line":292,"column":12},"end":{"line":292,"column":50},"skip":true},{"start":{"line":293,"column":12},"end":{"line":293,"column":53},"skip":true}]},"23":{"line":297,"type":"binary-expr","locations":[{"start":{"line":297,"column":12},"end":{"line":297,"column":63},"skip":true},{"start":{"line":298,"column":12},"end":{"line":301,"column":36},"skip":true}]},"24":{"line":303,"type":"binary-expr","locations":[{"start":{"line":303,"column":43},"end":{"line":303,"column":75},"skip":true},{"start":{"line":303,"column":79},"end":{"line":303,"column":81},"skip":true}]},"25":{"line":306,"type":"if","locations":[{"start":{"line":306,"column":8},"end":{"line":306,"column":8},"skip":true},{"start":{"line":306,"column":8},"end":{"line":306,"column":8},"skip":true}]},"26":{"line":310,"type":"if","locations":[{"start":{"line":310,"column":8},"end":{"line":310,"column":8},"skip":true},{"start":{"line":310,"column":8},"end":{"line":310,"column":8},"skip":true}]},"27":{"line":313,"type":"binary-expr","locations":[{"start":{"line":313,"column":27},"end":{"line":313,"column":43},"skip":true},{"start":{"line":313,"column":47},"end":{"line":313,"column":53},"skip":true}]},"28":{"line":317,"type":"if","locations":[{"start":{"line":317,"column":12},"end":{"line":317,"column":12},"skip":true},{"start":{"line":317,"column":12},"end":{"line":317,"column":12},"skip":true}]}},"code":["/*","example.js","","quickstart example","","instruction","    1. save this script as example.js","    2. run the shell command:","        $ npm install npmtest-sonos && PORT=8081 node example.js","    3. play with the browser-demo on http://127.0.0.1:8081","*/","","","","/* istanbul instrument in package npmtest_sonos */","/*jslint","    bitwise: true,","    browser: true,","    maxerr: 8,","    maxlen: 96,","    node: true,","    nomen: true,","    regexp: true,","    stupid: true","*/","(function () {","    'use strict';","    var local;","","","","    // run shared js-env code - pre-init","    (function () {","        // init local","        local = {};","        // init modeJs","        local.modeJs = (function () {","            try {","                return typeof navigator.userAgent === 'string' &&","                    typeof document.querySelector('body') === 'object' &&","                    typeof XMLHttpRequest.prototype.open === 'function' &&","                    'browser';","            } catch (errorCaughtBrowser) {","                return module.exports &&","                    typeof process.versions.node === 'string' &&","                    typeof require('http').createServer === 'function' &&","                    'node';","            }","        }());","        // init global","        local.global = local.modeJs === 'browser'","            ? window","            : global;","        // init utility2_rollup","        local = local.global.utility2_rollup || (local.modeJs === 'browser'","            ? local.global.utility2_npmtest_sonos","            : global.utility2_moduleExports);","        // export local","        local.global.local = local;","    }());","    switch (local.modeJs) {","","","","    // post-init","    // run browser js-env code - post-init","    /* istanbul ignore next */","    case 'browser':","        local.testRunBrowser = function (event) {","            if (!event || (event &&","                    event.currentTarget &&","                    event.currentTarget.className &&","                    event.currentTarget.className.includes &&","                    event.currentTarget.className.includes('onreset'))) {","                // reset output","                Array.from(","                    document.querySelectorAll('body > .resettable')","                ).forEach(function (element) {","                    switch (element.tagName) {","                    case 'INPUT':","                    case 'TEXTAREA':","                        element.value = '';","                        break;","                    default:","                        element.textContent = '';","                    }","                });","            }","            switch (event && event.currentTarget && event.currentTarget.id) {","            case 'testRunButton1':","                // show tests","                if (document.querySelector('#testReportDiv1').style.display === 'none') {","                    document.querySelector('#testReportDiv1').style.display = 'block';","                    document.querySelector('#testRunButton1').textContent =","                        'hide internal test';","                    local.modeTest = true;","                    local.testRunDefault(local);","                // hide tests","                } else {","                    document.querySelector('#testReportDiv1').style.display = 'none';","                    document.querySelector('#testRunButton1').textContent = 'run internal test';","                }","                break;","            // custom-case","            default:","                break;","            }","            if (document.querySelector('#inputTextareaEval1') && (!event || (event &&","                    event.currentTarget &&","                    event.currentTarget.className &&","                    event.currentTarget.className.includes &&","                    event.currentTarget.className.includes('oneval')))) {","                // try to eval input-code","                try {","                    /*jslint evil: true*/","                    eval(document.querySelector('#inputTextareaEval1').value);","                } catch (errorCaught) {","                    console.error(errorCaught);","                }","            }","        };","        // log stderr and stdout to #outputTextareaStdout1","        ['error', 'log'].forEach(function (key) {","            console[key + '_original'] = console[key];","            console[key] = function () {","                var element;","                console[key + '_original'].apply(console, arguments);","                element = document.querySelector('#outputTextareaStdout1');","                if (!element) {","                    return;","                }","                // append text to #outputTextareaStdout1","                element.value += Array.from(arguments).map(function (arg) {","                    return typeof arg === 'string'","                        ? arg","                        : JSON.stringify(arg, null, 4);","                }).join(' ') + '\\n';","                // scroll textarea to bottom","                element.scrollTop = element.scrollHeight;","            };","        });","        // init event-handling","        ['change', 'click', 'keyup'].forEach(function (event) {","            Array.from(document.querySelectorAll('.on' + event)).forEach(function (element) {","                element.addEventListener(event, local.testRunBrowser);","            });","        });","        // run tests","        local.testRunBrowser();","        break;","","","","    // run node js-env code - post-init","    /* istanbul ignore next */","    case 'node':","        // export local","        module.exports = local;","        // require modules","        local.fs = require('fs');","        local.http = require('http');","        local.url = require('url');","        // init assets","        local.assetsDict = local.assetsDict || {};","        /* jslint-ignore-begin */","        local.assetsDict['/assets.index.template.html'] = '\\","<!doctype html>\\n\\","<html lang=\"en\">\\n\\","<head>\\n\\","<meta charset=\"UTF-8\">\\n\\","<meta name=\"viewport\" content=\"width=device-width, initial-scale=1\">\\n\\","<title>{{env.npm_package_name}} (v{{env.npm_package_version}})</title>\\n\\","<style>\\n\\","/*csslint\\n\\","    box-sizing: false,\\n\\","    universal-selector: false\\n\\","*/\\n\\","* {\\n\\","    box-sizing: border-box;\\n\\","}\\n\\","body {\\n\\","    background: #dde;\\n\\","    font-family: Arial, Helvetica, sans-serif;\\n\\","    margin: 2rem;\\n\\","}\\n\\","body > * {\\n\\","    margin-bottom: 1rem;\\n\\","}\\n\\",".utility2FooterDiv {\\n\\","    margin-top: 20px;\\n\\","    text-align: center;\\n\\","}\\n\\","</style>\\n\\","<style>\\n\\","/*csslint\\n\\","*/\\n\\","textarea {\\n\\","    font-family: monospace;\\n\\","    height: 10rem;\\n\\","    width: 100%;\\n\\","}\\n\\","textarea[readonly] {\\n\\","    background: #ddd;\\n\\","}\\n\\","</style>\\n\\","</head>\\n\\","<body>\\n\\","<!-- utility2-comment\\n\\","<div id=\"ajaxProgressDiv1\" style=\"background: #d00; height: 2px; left: 0; margin: 0; padding: 0; position: fixed; top: 0; transition: background 0.5s, width 1.5s; width: 25%;\"></div>\\n\\","utility2-comment -->\\n\\","<h1>\\n\\","<!-- utility2-comment\\n\\","    <a\\n\\","        {{#if env.npm_package_homepage}}\\n\\","        href=\"{{env.npm_package_homepage}}\"\\n\\","        {{/if env.npm_package_homepage}}\\n\\","        target=\"_blank\"\\n\\","    >\\n\\","utility2-comment -->\\n\\","        {{env.npm_package_name}} (v{{env.npm_package_version}})\\n\\","<!-- utility2-comment\\n\\","    </a>\\n\\","utility2-comment -->\\n\\","</h1>\\n\\","<h3>{{env.npm_package_description}}</h3>\\n\\","<!-- utility2-comment\\n\\","<h4><a download href=\"assets.app.js\">download standalone app</a></h4>\\n\\","<button class=\"onclick onreset\" id=\"testRunButton1\">run internal test</button><br>\\n\\","<div id=\"testReportDiv1\" style=\"display: none;\"></div>\\n\\","utility2-comment -->\\n\\","\\n\\","\\n\\","\\n\\","<label>stderr and stdout</label>\\n\\","<textarea class=\"resettable\" id=\"outputTextareaStdout1\" readonly></textarea>\\n\\","<!-- utility2-comment\\n\\","{{#if isRollup}}\\n\\","<script src=\"assets.app.js\"></script>\\n\\","{{#unless isRollup}}\\n\\","utility2-comment -->\\n\\","<script src=\"assets.utility2.rollup.js\"></script>\\n\\","<script src=\"jsonp.utility2._stateInit?callback=window.utility2._stateInit\"></script>\\n\\","<script src=\"assets.npmtest_sonos.rollup.js\"></script>\\n\\","<script src=\"assets.example.js\"></script>\\n\\","<script src=\"assets.test.js\"></script>\\n\\","<!-- utility2-comment\\n\\","{{/if isRollup}}\\n\\","utility2-comment -->\\n\\","<div class=\"utility2FooterDiv\">\\n\\","    [ this app was created with\\n\\","    <a href=\"https://github.com/kaizhu256/node-utility2\" target=\"_blank\">utility2</a>\\n\\","    ]\\n\\","</div>\\n\\","</body>\\n\\","</html>\\n\\","';","        /* jslint-ignore-end */","        if (local.templateRender) {","            local.assetsDict['/'] = local.templateRender(","                local.assetsDict['/assets.index.template.html'],","                {","                    env: local.objectSetDefault(local.env, {","                        npm_package_description: 'the greatest app in the world!',","                        npm_package_name: 'my-app',","                        npm_package_nameAlias: 'my_app',","                        npm_package_version: '0.0.1'","                    })","                }","            );","        } else {","            local.assetsDict['/'] = local.assetsDict['/assets.index.template.html']","                .replace((/\\{\\{env\\.(\\w+?)\\}\\}/g), function (match0, match1) {","                    // jslint-hack","                    String(match0);","                    switch (match1) {","                    case 'npm_package_description':","                        return 'the greatest app in the world!';","                    case 'npm_package_name':","                        return 'my-app';","                    case 'npm_package_nameAlias':","                        return 'my_app';","                    case 'npm_package_version':","                        return '0.0.1';","                    }","                });","        }","        // run the cli","        if (local.global.utility2_rollup || module !== require.main) {","            break;","        }","        local.assetsDict['/assets.example.js'] =","            local.assetsDict['/assets.example.js'] ||","            local.fs.readFileSync(__filename, 'utf8');","        // bug-workaround - long $npm_package_buildCustomOrg","        /* jslint-ignore-begin */","        local.assetsDict['/assets.npmtest_sonos.rollup.js'] =","            local.assetsDict['/assets.npmtest_sonos.rollup.js'] ||","            local.fs.readFileSync(","                local.npmtest_sonos.__dirname + '/lib.npmtest_sonos.js',","                'utf8'","            ).replace((/^#!/), '//');","        /* jslint-ignore-end */","        local.assetsDict['/favicon.ico'] = local.assetsDict['/favicon.ico'] || '';","        // if $npm_config_timeout_exit exists,","        // then exit this process after $npm_config_timeout_exit ms","        if (Number(process.env.npm_config_timeout_exit)) {","            setTimeout(process.exit, Number(process.env.npm_config_timeout_exit));","        }","        // start server","        if (local.global.utility2_serverHttp1) {","            break;","        }","        process.env.PORT = process.env.PORT || '8081';","        console.error('server starting on port ' + process.env.PORT);","        local.http.createServer(function (request, response) {","            request.urlParsed = local.url.parse(request.url);","            if (local.assetsDict[request.urlParsed.pathname] !== undefined) {","                response.end(local.assetsDict[request.urlParsed.pathname]);","                return;","            }","            response.statusCode = 404;","            response.end();","        }).listen(process.env.PORT);","        break;","    }","}());",""],"l":{"26":2,"28":2,"33":2,"35":2,"37":2,"38":2,"39":2,"44":1,"51":2,"55":2,"59":2,"61":2,"69":1,"70":2,"76":2,"79":2,"82":2,"83":2,"85":1,"89":2,"92":1,"93":1,"94":1,"96":1,"97":1,"100":1,"101":1,"103":1,"106":1,"108":2,"114":1,"116":1,"118":1,"123":1,"124":2,"125":2,"126":3,"127":3,"128":3,"129":3,"130":1,"133":3,"134":3,"139":3,"143":1,"144":3,"145":1,"149":1,"150":1,"158":1,"160":1,"161":1,"162":1,"164":1,"166":1,"258":1,"259":1,"271":1,"274":6,"275":6,"277":1,"279":2,"281":1,"283":2,"288":1,"289":1,"291":1,"296":1,"303":1,"306":1,"307":1,"310":1,"311":1,"313":1,"314":1,"315":1,"316":1,"317":1,"318":1,"319":1,"321":1,"322":1,"324":1}},"/home/travis/build/npmtest/node-npmtest-sonos/node_modules/sonos/index.js":{"path":"/home/travis/build/npmtest/node-npmtest-sonos/node_modules/sonos/index.js","s":{"1":1},"b":{},"f":{},"fnMap":{},"statementMap":{"1":{"start":{"line":1,"column":0},"end":{"line":1,"column":39}}},"branchMap":{},"code":["module.exports = require('./lib/sonos')",""],"l":{"1":1}},"/home/travis/build/npmtest/node-npmtest-sonos/node_modules/sonos/lib/sonos.js":{"path":"/home/travis/build/npmtest/node-npmtest-sonos/node_modules/sonos/lib/sonos.js","s":{"1":1,"2":1,"3":1,"4":1,"5":1,"6":1,"7":1,"8":1,"9":1,"10":1,"11":1,"12":1,"13":0,"14":1,"15":0,"16":1,"17":0,"18":0,"19":0,"20":0,"21":0,"22":0,"23":0,"24":0,"25":0,"26":0,"27":0,"28":0,"29":0,"30":0,"31":0,"32":0,"33":0,"34":1,"35":0,"36":0,"37":0,"38":0,"39":0,"40":0,"41":0,"42":0,"43":0,"44":0,"45":0,"46":1,"47":0,"48":0,"49":0,"50":0,"51":0,"52":0,"53":0,"54":0,"55":0,"56":0,"57":0,"58":0,"59":0,"60":0,"61":1,"62":0,"63":1,"64":0,"65":0,"66":0,"67":0,"68":0,"69":0,"70":0,"71":0,"72":0,"73":0,"74":0,"75":0,"76":0,"77":0,"78":0,"79":0,"80":0,"81":0,"82":0,"83":0,"84":0,"85":0,"86":0,"87":0,"88":0,"89":0,"90":0,"91":0,"92":0,"93":0,"94":0,"95":0,"96":0,"97":0,"98":0,"99":1,"100":0,"101":0,"102":0,"103":0,"104":0,"105":0,"106":0,"107":0,"108":0,"109":0,"110":0,"111":0,"112":0,"113":0,"114":0,"115":0,"116":0,"117":0,"118":0,"119":0,"120":0,"121":0,"122":0,"123":0,"124":0,"125":0,"126":0,"127":0,"128":0,"129":1,"130":0,"131":0,"132":0,"133":0,"134":1,"135":0,"136":0,"137":0,"138":0,"139":0,"140":0,"141":0,"142":0,"143":1,"144":0,"145":0,"146":0,"147":0,"148":0,"149":0,"150":0,"151":0,"152":1,"153":0,"154":0,"155":0,"156":0,"157":0,"158":0,"159":0,"160":0,"161":0,"162":0,"163":0,"164":0,"165":0,"166":0,"167":0,"168":0,"169":0,"170":0,"171":0,"172":0,"173":0,"174":0,"175":0,"176":0,"177":0,"178":0,"179":0,"180":0,"181":0,"182":1,"183":0,"184":0,"185":0,"186":0,"187":0,"188":0,"189":0,"190":0,"191":0,"192":0,"193":1,"194":0,"195":0,"196":0,"197":0,"198":0,"199":0,"200":0,"201":0,"202":0,"203":0,"204":1,"205":0,"206":0,"207":0,"208":0,"209":0,"210":0,"211":0,"212":0,"213":0,"214":0,"215":1,"216":0,"217":0,"218":0,"219":0,"220":0,"221":0,"222":0,"223":0,"224":0,"225":0,"226":0,"227":0,"228":0,"229":0,"230":0,"231":0,"232":0,"233":0,"234":0,"235":1,"236":0,"237":0,"238":0,"239":0,"240":0,"241":0,"242":0,"243":0,"244":0,"245":0,"246":0,"247":1,"248":0,"249":0,"250":0,"251":0,"252":0,"253":0,"254":0,"255":0,"256":0,"257":0,"258":1,"259":0,"260":0,"261":0,"262":0,"263":0,"264":0,"265":0,"266":0,"267":0,"268":0,"269":1,"270":0,"271":0,"272":0,"273":0,"274":0,"275":0,"276":0,"277":0,"278":0,"279":0,"280":0,"281":0,"282":0,"283":0,"284":1,"285":0,"286":0,"287":0,"288":0,"289":0,"290":0,"291":0,"292":0,"293":0,"294":0,"295":0,"296":0,"297":0,"298":0,"299":1,"300":0,"301":0,"302":0,"303":1,"304":0,"305":0,"306":0,"307":0,"308":0,"309":0,"310":0,"311":0,"312":0,"313":0,"314":0,"315":0,"316":0,"317":1,"318":0,"319":0,"320":0,"321":0,"322":0,"323":0,"324":0,"325":0,"326":0,"327":0,"328":0,"329":0,"330":0,"331":1,"332":0,"333":0,"334":0,"335":0,"336":0,"337":0,"338":0,"339":0,"340":0,"341":0,"342":0,"343":0,"344":0,"345":0,"346":0,"347":0,"348":1,"349":0,"350":0,"351":0,"352":0,"353":0,"354":0,"355":1,"356":0,"357":0,"358":0,"359":0,"360":0,"361":0,"362":0,"363":0,"364":0,"365":1,"366":0,"367":0,"368":0,"369":0,"370":0,"371":1,"372":0,"373":0,"374":0,"375":0,"376":0,"377":0,"378":0,"379":0,"380":0,"381":0,"382":0,"383":1,"384":0,"385":0,"386":0,"387":0,"388":0,"389":0,"390":0,"391":0,"392":0,"393":0,"394":0,"395":1,"396":0,"397":0,"398":0,"399":0,"400":0,"401":0,"402":0,"403":0,"404":0,"405":0,"406":0,"407":0,"408":0,"409":1,"410":0,"411":0,"412":0,"413":0,"414":0,"415":0,"416":0,"417":1,"418":0,"419":0,"420":0,"421":0,"422":0,"423":0,"424":0,"425":0,"426":1,"427":0,"428":0,"429":0,"430":0,"431":0,"432":1,"433":0,"434":0,"435":0,"436":0,"437":0,"438":0,"439":0,"440":1,"441":0,"442":0,"443":0,"444":0,"445":0,"446":0,"447":0,"448":0,"449":0,"450":0,"451":0,"452":0,"453":0,"454":0,"455":0,"456":0,"457":0,"458":0,"459":1,"460":0,"461":0,"462":0,"463":0,"464":0,"465":0,"466":0,"467":0,"468":0,"469":0,"470":0,"471":0,"472":0,"473":0,"474":0,"475":0,"476":0,"477":0,"478":0,"479":1,"480":0,"481":1,"482":0,"483":1,"484":0,"485":0,"486":0,"487":0,"488":0,"489":0,"490":0,"491":0,"492":0,"493":0,"494":0,"495":0,"496":0,"497":0,"498":0,"499":0,"500":0,"501":0,"502":0,"503":0,"504":0,"505":0,"506":0,"507":0,"508":0,"509":1,"510":0,"511":0,"512":0,"513":0,"514":1,"515":0,"516":0,"517":0,"518":0,"519":0,"520":0,"521":0,"522":0,"523":0,"524":0,"525":0,"526":0,"527":0,"528":0,"529":0,"530":0,"531":0,"532":0,"533":0,"534":0,"535":0,"536":0,"537":0,"538":0,"539":0,"540":0,"541":1,"542":0,"543":0,"544":0,"545":0,"546":0,"547":0,"548":0,"549":0,"550":0,"551":0,"552":0,"553":0,"554":0,"555":0,"556":0,"557":0,"558":0,"559":0,"560":0,"561":0,"562":0,"563":0,"564":0,"565":0,"566":0,"567":0,"568":0,"569":0,"570":1,"571":1,"572":0,"573":0,"574":0,"575":1,"576":0,"577":0,"578":0,"579":0,"580":0,"581":0,"582":0,"583":0,"584":0,"585":1,"586":1,"587":1},"b":{"1":[0,0],"2":[0,0],"3":[0,0],"4":[0,0],"5":[0,0],"6":[0,0],"7":[0,0],"8":[0,0],"9":[0,0],"10":[0,0],"11":[0,0],"12":[0,0],"13":[0,0],"14":[0,0],"15":[0,0],"16":[0,0],"17":[0,0],"18":[0,0],"19":[0,0,0],"20":[0,0],"21":[0,0],"22":[0,0],"23":[0,0],"24":[0,0],"25":[0,0],"26":[0,0],"27":[0,0],"28":[0,0],"29":[0,0],"30":[0,0],"31":[0,0],"32":[0,0],"33":[0,0],"34":[0,0],"35":[0,0],"36":[0,0],"37":[0,0],"38":[0,0],"39":[0,0],"40":[0,0],"41":[0,0],"42":[0,0],"43":[0,0,0],"44":[0,0],"45":[0,0],"46":[0,0],"47":[0,0],"48":[0,0],"49":[0,0],"50":[0,0,0,0],"51":[0,0],"52":[0,0],"53":[0,0],"54":[0,0],"55":[0,0],"56":[0,0],"57":[0,0],"58":[0,0],"59":[0,0],"60":[0,0],"61":[0,0],"62":[0,0],"63":[0,0],"64":[0,0],"65":[0,0],"66":[0,0],"67":[0,0,0,0],"68":[0,0],"69":[0,0],"70":[0,0],"71":[0,0],"72":[0,0],"73":[0,0],"74":[0,0],"75":[0,0],"76":[0,0],"77":[0,0],"78":[0,0],"79":[0,0],"80":[0,0],"81":[0,0],"82":[0,0],"83":[0,0],"84":[0,0],"85":[0,0],"86":[0,0],"87":[0,0],"88":[0,0],"89":[0,0],"90":[0,0],"91":[0,0],"92":[0,0],"93":[0,0],"94":[0,0],"95":[0,0],"96":[0,0],"97":[0,0],"98":[0,0],"99":[0,0],"100":[0,0],"101":[0,0],"102":[0,0],"103":[0,0],"104":[0,0],"105":[0,0],"106":[0,0],"107":[0,0],"108":[0,0],"109":[0,0],"110":[0,0],"111":[0,0],"112":[0,0,0],"113":[0,0],"114":[0,0],"115":[0,0],"116":[0,0],"117":[0,0],"118":[0,0],"119":[0,0],"120":[0,0],"121":[0,0],"122":[0,0],"123":[0,0],"124":[0,0],"125":[0,0],"126":[0,0],"127":[0,0],"128":[0,0],"129":[0,0],"130":[0,0],"131":[0,0],"132":[0,0],"133":[0,0],"134":[0,0],"135":[0,0],"136":[0,0],"137":[0,0],"138":[0,0],"139":[0,0],"140":[0,0],"141":[0,0],"142":[0,0],"143":[0,0],"144":[0,0],"145":[0,0],"146":[0,0],"147":[0,0],"148":[0,0],"149":[0,0],"150":[0,0],"151":[0,0],"152":[0,0],"153":[0,0],"154":[0,0],"155":[0,0],"156":[0,0],"157":[0,0],"158":[0,0],"159":[0,0],"160":[0,0],"161":[0,0],"162":[0,0],"163":[0,0],"164":[0,0],"165":[0,0],"166":[0,0]},"f":{"1":0,"2":0,"3":0,"4":0,"5":0,"6":0,"7":0,"8":0,"9":0,"10":0,"11":0,"12":0,"13":0,"14":0,"15":0,"16":0,"17":0,"18":0,"19":0,"20":0,"21":0,"22":0,"23":0,"24":0,"25":0,"26":0,"27":0,"28":0,"29":0,"30":0,"31":0,"32":0,"33":0,"34":0,"35":0,"36":0,"37":0,"38":0,"39":0,"40":0,"41":0,"42":0,"43":0,"44":0,"45":0,"46":0,"47":0,"48":0,"49":0,"50":0,"51":0,"52":0,"53":0,"54":0,"55":0,"56":0,"57":0,"58":0,"59":0,"60":0,"61":0,"62":0,"63":0,"64":0,"65":0,"66":0,"67":0,"68":0,"69":0,"70":0,"71":0,"72":0,"73":0,"74":0,"75":0,"76":0,"77":0,"78":0,"79":0,"80":0,"81":0,"82":0,"83":0,"84":0,"85":0,"86":0,"87":0,"88":0,"89":0,"90":0,"91":0,"92":0,"93":0,"94":0,"95":0,"96":0,"97":0,"98":0,"99":0,"100":0,"101":0,"102":0},"fnMap":{"1":{"name":"(anonymous_1)","line":46,"loc":{"start":{"line":46,"column":21},"end":{"line":46,"column":37}}},"2":{"name":"(anonymous_2)","line":58,"loc":{"start":{"line":58,"column":19},"end":{"line":58,"column":34}}},"3":{"name":"(anonymous_3)","line":67,"loc":{"start":{"line":67,"column":28},"end":{"line":67,"column":50}}},"4":{"name":"Sonos","line":108,"loc":{"start":{"line":108,"column":12},"end":{"line":108,"column":49}}},"5":{"name":"(anonymous_5)","line":126,"loc":{"start":{"line":126,"column":26},"end":{"line":126,"column":83}}},"6":{"name":"(anonymous_6)","line":136,"loc":{"start":{"line":136,"column":5},"end":{"line":136,"column":31}}},"7":{"name":"(anonymous_7)","line":141,"loc":{"start":{"line":141,"column":44},"end":{"line":141,"column":65}}},"8":{"name":"(anonymous_8)","line":160,"loc":{"start":{"line":160,"column":34},"end":{"line":160,"column":75}}},"9":{"name":"(anonymous_9)","line":171,"loc":{"start":{"line":171,"column":37},"end":{"line":171,"column":90}}},"10":{"name":"(anonymous_10)","line":203,"loc":{"start":{"line":203,"column":39},"end":{"line":203,"column":60}}},"11":{"name":"(anonymous_11)","line":205,"loc":{"start":{"line":205,"column":58},"end":{"line":205,"column":79}}},"12":{"name":"(anonymous_12)","line":215,"loc":{"start":{"line":215,"column":30},"end":{"line":215,"column":46}}},"13":{"name":"(anonymous_13)","line":246,"loc":{"start":{"line":246,"column":31},"end":{"line":246,"column":51}}},"14":{"name":"(anonymous_14)","line":252,"loc":{"start":{"line":252,"column":83},"end":{"line":252,"column":104}}},"15":{"name":"(anonymous_15)","line":264,"loc":{"start":{"line":264,"column":57},"end":{"line":264,"column":78}}},"16":{"name":"(anonymous_16)","line":290,"loc":{"start":{"line":290,"column":28},"end":{"line":290,"column":44}}},"17":{"name":"(anonymous_17)","line":305,"loc":{"start":{"line":305,"column":28},"end":{"line":305,"column":48}}},"18":{"name":"(anonymous_18)","line":310,"loc":{"start":{"line":310,"column":83},"end":{"line":310,"column":104}}},"19":{"name":"(anonymous_19)","line":320,"loc":{"start":{"line":320,"column":27},"end":{"line":320,"column":47}}},"20":{"name":"(anonymous_20)","line":325,"loc":{"start":{"line":325,"column":83},"end":{"line":325,"column":104}}},"21":{"name":"(anonymous_21)","line":336,"loc":{"start":{"line":336,"column":23},"end":{"line":336,"column":48}}},"22":{"name":"(anonymous_22)","line":341,"loc":{"start":{"line":341,"column":59},"end":{"line":341,"column":71}}},"23":{"name":"(anonymous_23)","line":354,"loc":{"start":{"line":354,"column":7},"end":{"line":354,"column":35}}},"24":{"name":"(anonymous_24)","line":359,"loc":{"start":{"line":359,"column":39},"end":{"line":359,"column":54}}},"25":{"name":"(anonymous_25)","line":367,"loc":{"start":{"line":367,"column":90},"end":{"line":367,"column":111}}},"26":{"name":"(anonymous_26)","line":385,"loc":{"start":{"line":385,"column":23},"end":{"line":385,"column":43}}},"27":{"name":"(anonymous_27)","line":390,"loc":{"start":{"line":390,"column":88},"end":{"line":390,"column":109}}},"28":{"name":"(anonymous_28)","line":407,"loc":{"start":{"line":407,"column":53},"end":{"line":407,"column":73}}},"29":{"name":"(anonymous_29)","line":412,"loc":{"start":{"line":412,"column":118},"end":{"line":412,"column":139}}},"30":{"name":"(anonymous_30)","line":429,"loc":{"start":{"line":429,"column":24},"end":{"line":429,"column":44}}},"31":{"name":"(anonymous_31)","line":434,"loc":{"start":{"line":434,"column":89},"end":{"line":434,"column":110}}},"32":{"name":"(anonymous_32)","line":451,"loc":{"start":{"line":451,"column":23},"end":{"line":451,"column":52}}},"33":{"name":"(anonymous_33)","line":462,"loc":{"start":{"line":462,"column":88},"end":{"line":462,"column":109}}},"34":{"name":"(anonymous_34)","line":480,"loc":{"start":{"line":480,"column":30},"end":{"line":480,"column":59}}},"35":{"name":"(anonymous_35)","line":487,"loc":{"start":{"line":487,"column":88},"end":{"line":487,"column":109}}},"36":{"name":"(anonymous_36)","line":504,"loc":{"start":{"line":504,"column":23},"end":{"line":504,"column":43}}},"37":{"name":"(anonymous_37)","line":509,"loc":{"start":{"line":509,"column":81},"end":{"line":509,"column":102}}},"38":{"name":"(anonymous_38)","line":528,"loc":{"start":{"line":528,"column":27},"end":{"line":528,"column":47}}},"39":{"name":"(anonymous_39)","line":533,"loc":{"start":{"line":533,"column":85},"end":{"line":533,"column":106}}},"40":{"name":"(anonymous_40)","line":552,"loc":{"start":{"line":552,"column":30},"end":{"line":552,"column":50}}},"41":{"name":"(anonymous_41)","line":554,"loc":{"start":{"line":554,"column":23},"end":{"line":554,"column":35}}},"42":{"name":"(anonymous_42)","line":556,"loc":{"start":{"line":556,"column":19},"end":{"line":556,"column":40}}},"43":{"name":"(anonymous_43)","line":560,"loc":{"start":{"line":560,"column":98},"end":{"line":560,"column":119}}},"44":{"name":"(anonymous_44)","line":582,"loc":{"start":{"line":582,"column":34},"end":{"line":582,"column":79}}},"45":{"name":"(anonymous_45)","line":592,"loc":{"start":{"line":592,"column":101},"end":{"line":592,"column":122}}},"46":{"name":"(anonymous_46)","line":610,"loc":{"start":{"line":610,"column":29},"end":{"line":610,"column":58}}},"47":{"name":"(anonymous_47)","line":625,"loc":{"start":{"line":625,"column":35},"end":{"line":625,"column":77}}},"48":{"name":"(anonymous_48)","line":634,"loc":{"start":{"line":634,"column":101},"end":{"line":634,"column":122}}},"49":{"name":"(anonymous_49)","line":652,"loc":{"start":{"line":652,"column":28},"end":{"line":652,"column":53}}},"50":{"name":"(anonymous_50)","line":664,"loc":{"start":{"line":664,"column":94},"end":{"line":664,"column":115}}},"51":{"name":"(anonymous_51)","line":680,"loc":{"start":{"line":680,"column":24},"end":{"line":680,"column":66}}},"52":{"name":"(anonymous_52)","line":697,"loc":{"start":{"line":697,"column":90},"end":{"line":697,"column":111}}},"53":{"name":"(anonymous_53)","line":706,"loc":{"start":{"line":706,"column":24},"end":{"line":706,"column":44}}},"54":{"name":"(anonymous_54)","line":711,"loc":{"start":{"line":711,"column":101},"end":{"line":711,"column":122}}},"55":{"name":"(anonymous_55)","line":720,"loc":{"start":{"line":720,"column":30},"end":{"line":720,"column":50}}},"56":{"name":"(anonymous_56)","line":724,"loc":{"start":{"line":724,"column":85},"end":{"line":724,"column":106}}},"57":{"name":"(anonymous_57)","line":738,"loc":{"start":{"line":738,"column":30},"end":{"line":738,"column":64}}},"58":{"name":"(anonymous_58)","line":742,"loc":{"start":{"line":742,"column":85},"end":{"line":742,"column":100}}},"59":{"name":"(anonymous_59)","line":751,"loc":{"start":{"line":751,"column":30},"end":{"line":751,"column":50}}},"60":{"name":"(anonymous_60)","line":755,"loc":{"start":{"line":755,"column":85},"end":{"line":755,"column":106}}},"61":{"name":"(anonymous_61)","line":767,"loc":{"start":{"line":767,"column":31},"end":{"line":767,"column":51}}},"62":{"name":"(anonymous_62)","line":771,"loc":{"start":{"line":771,"column":91},"end":{"line":771,"column":112}}},"63":{"name":"(anonymous_63)","line":783,"loc":{"start":{"line":783,"column":36},"end":{"line":783,"column":56}}},"64":{"name":"(anonymous_64)","line":786,"loc":{"start":{"line":786,"column":5},"end":{"line":786,"column":31}}},"65":{"name":"(anonymous_65)","line":791,"loc":{"start":{"line":791,"column":44},"end":{"line":791,"column":65}}},"66":{"name":"(anonymous_66)","line":805,"loc":{"start":{"line":805,"column":26},"end":{"line":805,"column":52}}},"67":{"name":"(anonymous_67)","line":807,"loc":{"start":{"line":807,"column":31},"end":{"line":807,"column":46}}},"68":{"name":"(anonymous_68)","line":810,"loc":{"start":{"line":810,"column":91},"end":{"line":810,"column":112}}},"69":{"name":"(anonymous_69)","line":821,"loc":{"start":{"line":821,"column":30},"end":{"line":821,"column":60}}},"70":{"name":"(anonymous_70)","line":827,"loc":{"start":{"line":827,"column":88},"end":{"line":827,"column":109}}},"71":{"name":"(anonymous_71)","line":838,"loc":{"start":{"line":838,"column":28},"end":{"line":838,"column":56}}},"72":{"name":"(anonymous_72)","line":842,"loc":{"start":{"line":842,"column":86},"end":{"line":842,"column":107}}},"73":{"name":"(anonymous_73)","line":853,"loc":{"start":{"line":853,"column":27},"end":{"line":853,"column":54}}},"74":{"name":"(anonymous_74)","line":858,"loc":{"start":{"line":858,"column":85},"end":{"line":858,"column":106}}},"75":{"name":"(anonymous_75)","line":867,"loc":{"start":{"line":867,"column":30},"end":{"line":867,"column":50}}},"76":{"name":"(anonymous_76)","line":869,"loc":{"start":{"line":869,"column":72},"end":{"line":869,"column":98}}},"77":{"name":"(anonymous_77)","line":872,"loc":{"start":{"line":872,"column":29},"end":{"line":872,"column":54}}},"78":{"name":"(anonymous_78)","line":878,"loc":{"start":{"line":878,"column":54},"end":{"line":878,"column":70}}},"79":{"name":"(anonymous_79)","line":883,"loc":{"start":{"line":883,"column":63},"end":{"line":883,"column":79}}},"80":{"name":"(anonymous_80)","line":898,"loc":{"start":{"line":898,"column":34},"end":{"line":898,"column":54}}},"81":{"name":"(anonymous_81)","line":903,"loc":{"start":{"line":903,"column":100},"end":{"line":903,"column":121}}},"82":{"name":"(anonymous_82)","line":927,"loc":{"start":{"line":927,"column":44},"end":{"line":927,"column":73}}},"83":{"name":"(anonymous_83)","line":935,"loc":{"start":{"line":935,"column":41},"end":{"line":935,"column":70}}},"84":{"name":"(anonymous_84)","line":944,"loc":{"start":{"line":944,"column":36},"end":{"line":944,"column":84}}},"85":{"name":"(anonymous_85)","line":964,"loc":{"start":{"line":964,"column":39},"end":{"line":964,"column":60}}},"86":{"name":"(anonymous_86)","line":966,"loc":{"start":{"line":966,"column":58},"end":{"line":966,"column":79}}},"87":{"name":"(anonymous_87)","line":976,"loc":{"start":{"line":976,"column":30},"end":{"line":976,"column":46}}},"88":{"name":"(anonymous_88)","line":994,"loc":{"start":{"line":994,"column":34},"end":{"line":994,"column":63}}},"89":{"name":"(anonymous_89)","line":1007,"loc":{"start":{"line":1007,"column":27},"end":{"line":1007,"column":47}}},"90":{"name":"(anonymous_90)","line":1025,"loc":{"start":{"line":1025,"column":39},"end":{"line":1025,"column":60}}},"91":{"name":"(anonymous_91)","line":1027,"loc":{"start":{"line":1027,"column":58},"end":{"line":1027,"column":79}}},"92":{"name":"(anonymous_92)","line":1037,"loc":{"start":{"line":1037,"column":30},"end":{"line":1037,"column":46}}},"93":{"name":"Search","line":1068,"loc":{"start":{"line":1068,"column":13},"end":{"line":1068,"column":39}}},"94":{"name":"(anonymous_94)","line":1076,"loc":{"start":{"line":1076,"column":21},"end":{"line":1076,"column":33}}},"95":{"name":"(anonymous_95)","line":1077,"loc":{"start":{"line":1077,"column":47},"end":{"line":1077,"column":63}}},"96":{"name":"(anonymous_96)","line":1082,"loc":{"start":{"line":1082,"column":23},"end":{"line":1082,"column":35}}},"97":{"name":"(anonymous_97)","line":1086,"loc":{"start":{"line":1086,"column":43},"end":{"line":1086,"column":68}}},"98":{"name":"(anonymous_98)","line":1098,"loc":{"start":{"line":1098,"column":26},"end":{"line":1098,"column":41}}},"99":{"name":"(anonymous_99)","line":1101,"loc":{"start":{"line":1101,"column":28},"end":{"line":1101,"column":40}}},"100":{"name":"(anonymous_100)","line":1106,"loc":{"start":{"line":1106,"column":34},"end":{"line":1106,"column":46}}},"101":{"name":"(anonymous_101)","line":1120,"loc":{"start":{"line":1120,"column":27},"end":{"line":1120,"column":47}}},"102":{"name":"(anonymous_102)","line":1134,"loc":{"start":{"line":1134,"column":13},"end":{"line":1134,"column":42}}}},"statementMap":{"1":{"start":{"line":4,"column":0},"end":{"line":4,"column":61}},"2":{"start":{"line":5,"column":0},"end":{"line":5,"column":66}},"3":{"start":{"line":6,"column":0},"end":{"line":6,"column":49}},"4":{"start":{"line":11,"column":0},"end":{"line":11,"column":26}},"5":{"start":{"line":12,"column":0},"end":{"line":12,"column":49}},"6":{"start":{"line":13,"column":0},"end":{"line":13,"column":28}},"7":{"start":{"line":14,"column":0},"end":{"line":14,"column":32}},"8":{"start":{"line":15,"column":0},"end":{"line":15,"column":30}},"9":{"start":{"line":16,"column":0},"end":{"line":16,"column":37}},"10":{"start":{"line":17,"column":0},"end":{"line":17,"column":29}},"11":{"start":{"line":22,"column":0},"end":{"line":35,"column":1}},"12":{"start":{"line":46,"column":0},"end":{"line":51,"column":1}},"13":{"start":{"line":47,"column":2},"end":{"line":50,"column":29}},"14":{"start":{"line":58,"column":0},"end":{"line":60,"column":1}},"15":{"start":{"line":59,"column":2},"end":{"line":59,"column":111}},"16":{"start":{"line":67,"column":0},"end":{"line":101,"column":1}},"17":{"start":{"line":68,"column":2},"end":{"line":68,"column":33}},"18":{"start":{"line":69,"column":2},"end":{"line":69,"column":68}},"19":{"start":{"line":69,"column":58},"end":{"line":69,"column":68}},"20":{"start":{"line":70,"column":2},"end":{"line":70,"column":43}},"21":{"start":{"line":71,"column":2},"end":{"line":71,"column":485}},"22":{"start":{"line":72,"column":2},"end":{"line":100,"column":3}},"23":{"start":{"line":73,"column":4},"end":{"line":76,"column":5}},"24":{"start":{"line":77,"column":9},"end":{"line":100,"column":3}},"25":{"start":{"line":78,"column":4},"end":{"line":81,"column":5}},"26":{"start":{"line":82,"column":9},"end":{"line":100,"column":3}},"27":{"start":{"line":83,"column":4},"end":{"line":86,"column":5}},"28":{"start":{"line":87,"column":9},"end":{"line":100,"column":3}},"29":{"start":{"line":88,"column":4},"end":{"line":91,"column":5}},"30":{"start":{"line":92,"column":9},"end":{"line":100,"column":3}},"31":{"start":{"line":93,"column":4},"end":{"line":93,"column":67}},"32":{"start":{"line":94,"column":4},"end":{"line":97,"column":5}},"33":{"start":{"line":99,"column":4},"end":{"line":99,"column":14}},"34":{"start":{"line":108,"column":0},"end":{"line":116,"column":1}},"35":{"start":{"line":109,"column":2},"end":{"line":109,"column":18}},"36":{"start":{"line":110,"column":2},"end":{"line":110,"column":26}},"37":{"start":{"line":111,"column":2},"end":{"line":111,"column":30}},"38":{"start":{"line":112,"column":2},"end":{"line":112,"column":58}},"39":{"start":{"line":112,"column":31},"end":{"line":112,"column":58}},"40":{"start":{"line":113,"column":2},"end":{"line":113,"column":94}},"41":{"start":{"line":113,"column":41},"end":{"line":113,"column":94}},"42":{"start":{"line":114,"column":2},"end":{"line":114,"column":94}},"43":{"start":{"line":114,"column":41},"end":{"line":114,"column":94}},"44":{"start":{"line":115,"column":2},"end":{"line":115,"column":85}},"45":{"start":{"line":115,"column":38},"end":{"line":115,"column":85}},"46":{"start":{"line":126,"column":0},"end":{"line":152,"column":1}},"47":{"start":{"line":127,"column":2},"end":{"line":127,"column":91}},"48":{"start":{"line":128,"column":2},"end":{"line":151,"column":4}},"49":{"start":{"line":137,"column":4},"end":{"line":137,"column":33}},"50":{"start":{"line":137,"column":13},"end":{"line":137,"column":33}},"51":{"start":{"line":138,"column":4},"end":{"line":140,"column":5}},"52":{"start":{"line":139,"column":6},"end":{"line":139,"column":91}},"53":{"start":{"line":141,"column":4},"end":{"line":150,"column":6}},"54":{"start":{"line":142,"column":6},"end":{"line":142,"column":35}},"55":{"start":{"line":142,"column":15},"end":{"line":142,"column":35}},"56":{"start":{"line":143,"column":6},"end":{"line":145,"column":7}},"57":{"start":{"line":144,"column":8},"end":{"line":144,"column":98}},"58":{"start":{"line":146,"column":6},"end":{"line":148,"column":7}},"59":{"start":{"line":147,"column":8},"end":{"line":147,"column":67}},"60":{"start":{"line":149,"column":6},"end":{"line":149,"column":73}},"61":{"start":{"line":160,"column":0},"end":{"line":162,"column":1}},"62":{"start":{"line":161,"column":2},"end":{"line":161,"column":62}},"63":{"start":{"line":171,"column":0},"end":{"line":240,"column":1}},"64":{"start":{"line":172,"column":2},"end":{"line":172,"column":17}},"65":{"start":{"line":173,"column":2},"end":{"line":183,"column":3}},"66":{"start":{"line":184,"column":2},"end":{"line":190,"column":3}},"67":{"start":{"line":191,"column":2},"end":{"line":191,"column":33}},"68":{"start":{"line":193,"column":2},"end":{"line":193,"column":55}},"69":{"start":{"line":194,"column":2},"end":{"line":194,"column":63}},"70":{"start":{"line":194,"column":19},"end":{"line":194,"column":63}},"71":{"start":{"line":196,"column":2},"end":{"line":198,"column":3}},"72":{"start":{"line":199,"column":2},"end":{"line":199,"column":69}},"73":{"start":{"line":199,"column":35},"end":{"line":199,"column":69}},"74":{"start":{"line":200,"column":2},"end":{"line":200,"column":70}},"75":{"start":{"line":200,"column":35},"end":{"line":200,"column":70}},"76":{"start":{"line":201,"column":2},"end":{"line":201,"column":39}},"77":{"start":{"line":202,"column":2},"end":{"line":202,"column":76}},"78":{"start":{"line":203,"column":2},"end":{"line":239,"column":4}},"79":{"start":{"line":204,"column":4},"end":{"line":204,"column":33}},"80":{"start":{"line":204,"column":13},"end":{"line":204,"column":33}},"81":{"start":{"line":205,"column":4},"end":{"line":238,"column":6}},"82":{"start":{"line":206,"column":6},"end":{"line":206,"column":41}},"83":{"start":{"line":206,"column":15},"end":{"line":206,"column":41}},"84":{"start":{"line":207,"column":6},"end":{"line":207,"column":20}},"85":{"start":{"line":208,"column":6},"end":{"line":210,"column":7}},"86":{"start":{"line":209,"column":8},"end":{"line":209,"column":69}},"87":{"start":{"line":211,"column":6},"end":{"line":211,"column":93}},"88":{"start":{"line":212,"column":6},"end":{"line":214,"column":7}},"89":{"start":{"line":213,"column":8},"end":{"line":213,"column":69}},"90":{"start":{"line":215,"column":6},"end":{"line":231,"column":8}},"91":{"start":{"line":216,"column":8},"end":{"line":216,"column":30}},"92":{"start":{"line":217,"column":8},"end":{"line":223,"column":9}},"93":{"start":{"line":218,"column":10},"end":{"line":222,"column":11}},"94":{"start":{"line":219,"column":12},"end":{"line":219,"column":53}},"95":{"start":{"line":221,"column":12},"end":{"line":221,"column":95}},"96":{"start":{"line":224,"column":8},"end":{"line":230,"column":10}},"97":{"start":{"line":232,"column":6},"end":{"line":236,"column":7}},"98":{"start":{"line":237,"column":6},"end":{"line":237,"column":35}},"99":{"start":{"line":246,"column":0},"end":{"line":283,"column":1}},"100":{"start":{"line":247,"column":2},"end":{"line":247,"column":69}},"101":{"start":{"line":248,"column":2},"end":{"line":248,"column":17}},"102":{"start":{"line":249,"column":2},"end":{"line":249,"column":77}},"103":{"start":{"line":250,"column":2},"end":{"line":250,"column":158}},"104":{"start":{"line":251,"column":2},"end":{"line":251,"column":47}},"105":{"start":{"line":252,"column":2},"end":{"line":282,"column":4}},"106":{"start":{"line":253,"column":4},"end":{"line":253,"column":33}},"107":{"start":{"line":253,"column":13},"end":{"line":253,"column":33}},"108":{"start":{"line":254,"column":4},"end":{"line":254,"column":61}},"109":{"start":{"line":254,"column":52},"end":{"line":254,"column":61}},"110":{"start":{"line":255,"column":4},"end":{"line":255,"column":40}},"111":{"start":{"line":256,"column":4},"end":{"line":258,"column":52}},"112":{"start":{"line":259,"column":4},"end":{"line":261,"column":58}},"113":{"start":{"line":262,"column":4},"end":{"line":262,"column":64}},"114":{"start":{"line":263,"column":4},"end":{"line":281,"column":5}},"115":{"start":{"line":264,"column":6},"end":{"line":276,"column":8}},"116":{"start":{"line":265,"column":8},"end":{"line":267,"column":9}},"117":{"start":{"line":266,"column":10},"end":{"line":266,"column":36}},"118":{"start":{"line":268,"column":8},"end":{"line":268,"column":40}},"119":{"start":{"line":269,"column":8},"end":{"line":269,"column":33}},"120":{"start":{"line":270,"column":8},"end":{"line":270,"column":33}},"121":{"start":{"line":271,"column":8},"end":{"line":273,"column":73}},"122":{"start":{"line":274,"column":8},"end":{"line":274,"column":42}},"123":{"start":{"line":274,"column":22},"end":{"line":274,"column":42}},"124":{"start":{"line":275,"column":8},"end":{"line":275,"column":36}},"125":{"start":{"line":278,"column":6},"end":{"line":278,"column":60}},"126":{"start":{"line":279,"column":6},"end":{"line":279,"column":59}},"127":{"start":{"line":279,"column":28},"end":{"line":279,"column":59}},"128":{"start":{"line":280,"column":6},"end":{"line":280,"column":34}},"129":{"start":{"line":290,"column":0},"end":{"line":299,"column":1}},"130":{"start":{"line":291,"column":2},"end":{"line":291,"column":123}},"131":{"start":{"line":291,"column":114},"end":{"line":291,"column":123}},"132":{"start":{"line":292,"column":2},"end":{"line":292,"column":38}},"133":{"start":{"line":293,"column":2},"end":{"line":298,"column":3}},"134":{"start":{"line":305,"column":0},"end":{"line":314,"column":1}},"135":{"start":{"line":306,"column":2},"end":{"line":306,"column":66}},"136":{"start":{"line":307,"column":2},"end":{"line":307,"column":76}},"137":{"start":{"line":308,"column":2},"end":{"line":308,"column":151}},"138":{"start":{"line":309,"column":2},"end":{"line":309,"column":41}},"139":{"start":{"line":310,"column":2},"end":{"line":313,"column":4}},"140":{"start":{"line":311,"column":4},"end":{"line":311,"column":33}},"141":{"start":{"line":311,"column":13},"end":{"line":311,"column":33}},"142":{"start":{"line":312,"column":4},"end":{"line":312,"column":58}},"143":{"start":{"line":320,"column":0},"end":{"line":329,"column":1}},"144":{"start":{"line":321,"column":2},"end":{"line":321,"column":65}},"145":{"start":{"line":322,"column":2},"end":{"line":322,"column":74}},"146":{"start":{"line":323,"column":2},"end":{"line":323,"column":147}},"147":{"start":{"line":324,"column":2},"end":{"line":324,"column":39}},"148":{"start":{"line":325,"column":2},"end":{"line":328,"column":4}},"149":{"start":{"line":326,"column":4},"end":{"line":326,"column":33}},"150":{"start":{"line":326,"column":13},"end":{"line":326,"column":33}},"151":{"start":{"line":327,"column":4},"end":{"line":327,"column":58}},"152":{"start":{"line":336,"column":0},"end":{"line":379,"column":1}},"
[...]
e":58,"loc":{"start":{"line":58,"column":32},"end":{"line":58,"column":47}}},"11":{"name":"(anonymous_11)","line":69,"loc":{"start":{"line":69,"column":36},"end":{"line":69,"column":48}}},"12":{"name":"(anonymous_12)","line":74,"loc":{"start":{"line":74,"column":14},"end":{"line":74,"column":29}}},"13":{"name":"(anonymous_13)","line":75,"loc":{"start":{"line":75,"column":11},"end":{"line":75,"column":36}}},"14":{"name":"(anonymous_14)","line":82,"loc":{"start":{"line":82,"column":41},"end":{"line":82,"column":61}}},"15":{"name":"(anonymous_15)","line":109,"loc":{"start":{"line":109,"column":32},"end":{"line":109,"column":69}}},"16":{"name":"(anonymous_16)","line":123,"loc":{"start":{"line":123,"column":17},"end":{"line":123,"column":42}}},"17":{"name":"(anonymous_17)","line":140,"loc":{"start":{"line":140,"column":30},"end":{"line":140,"column":49}}},"18":{"name":"(anonymous_18)","line":150,"loc":{"start":{"line":150,"column":28},"end":{"line":150,"column":48}}},"19":{"name":"(anonymous_19)","line":158,"loc":{"start":{"line":158,"column":35},"end":{"line":158,"column":60}}},"20":{"name":"(anonymous_20)","line":172,"loc":{"start":{"line":172,"column":17},"end":{"line":172,"column":42}}}},"statementMap":{"1":{"start":{"line":1,"column":0},"end":{"line":1,"column":32}},"2":{"start":{"line":2,"column":0},"end":{"line":2,"column":26}},"3":{"start":{"line":3,"column":0},"end":{"line":3,"column":22}},"4":{"start":{"line":4,"column":0},"end":{"line":4,"column":30}},"5":{"start":{"line":5,"column":0},"end":{"line":5,"column":26}},"6":{"start":{"line":6,"column":0},"end":{"line":6,"column":29}},"7":{"start":{"line":7,"column":0},"end":{"line":7,"column":30}},"8":{"start":{"line":9,"column":0},"end":{"line":14,"column":1}},"9":{"start":{"line":10,"column":2},"end":{"line":10,"column":22}},"10":{"start":{"line":11,"column":2},"end":{"line":11,"column":35}},"11":{"start":{"line":12,"column":2},"end":{"line":12,"column":20}},"12":{"start":{"line":13,"column":2},"end":{"line":13,"column":51}},"13":{"start":{"line":16,"column":0},"end":{"line":16,"column":44}},"14":{"start":{"line":18,"column":0},"end":{"line":42,"column":1}},"15":{"start":{"line":19,"column":2},"end":{"line":19,"column":15}},"16":{"start":{"line":20,"column":2},"end":{"line":22,"column":3}},"17":{"start":{"line":21,"column":4},"end":{"line":21,"column":33}},"18":{"start":{"line":24,"column":2},"end":{"line":41,"column":15}},"19":{"start":{"line":25,"column":4},"end":{"line":25,"column":19}},"20":{"start":{"line":26,"column":4},"end":{"line":28,"column":6}},"21":{"start":{"line":27,"column":6},"end":{"line":27,"column":17}},"22":{"start":{"line":30,"column":4},"end":{"line":33,"column":17}},"23":{"start":{"line":31,"column":6},"end":{"line":31,"column":23}},"24":{"start":{"line":32,"column":6},"end":{"line":32,"column":36}},"25":{"start":{"line":35,"column":4},"end":{"line":37,"column":5}},"26":{"start":{"line":36,"column":6},"end":{"line":36,"column":44}},"27":{"start":{"line":38,"column":4},"end":{"line":38,"column":29}},"28":{"start":{"line":40,"column":4},"end":{"line":40,"column":57}},"29":{"start":{"line":44,"column":0},"end":{"line":67,"column":1}},"30":{"start":{"line":45,"column":2},"end":{"line":66,"column":3}},"31":{"start":{"line":46,"column":4},"end":{"line":48,"column":5}},"32":{"start":{"line":47,"column":6},"end":{"line":47,"column":12}},"33":{"start":{"line":50,"column":4},"end":{"line":50,"column":52}},"34":{"start":{"line":52,"column":4},"end":{"line":52,"column":38}},"35":{"start":{"line":53,"column":4},"end":{"line":65,"column":17}},"36":{"start":{"line":54,"column":6},"end":{"line":56,"column":7}},"37":{"start":{"line":55,"column":8},"end":{"line":55,"column":20}},"38":{"start":{"line":57,"column":6},"end":{"line":61,"column":8}},"39":{"start":{"line":58,"column":8},"end":{"line":60,"column":10}},"40":{"start":{"line":59,"column":10},"end":{"line":59,"column":38}},"41":{"start":{"line":63,"column":6},"end":{"line":63,"column":88}},"42":{"start":{"line":64,"column":6},"end":{"line":64,"column":15}},"43":{"start":{"line":69,"column":0},"end":{"line":107,"column":1}},"44":{"start":{"line":70,"column":2},"end":{"line":70,"column":9}},"45":{"start":{"line":72,"column":2},"end":{"line":72,"column":32}},"46":{"start":{"line":74,"column":2},"end":{"line":89,"column":3}},"47":{"start":{"line":75,"column":4},"end":{"line":88,"column":5}},"48":{"start":{"line":76,"column":6},"end":{"line":76,"column":55}},"49":{"start":{"line":78,"column":6},"end":{"line":87,"column":7}},"50":{"start":{"line":79,"column":8},"end":{"line":79,"column":79}},"51":{"start":{"line":80,"column":13},"end":{"line":87,"column":7}},"52":{"start":{"line":81,"column":8},"end":{"line":81,"column":33}},"53":{"start":{"line":82,"column":8},"end":{"line":84,"column":10}},"54":{"start":{"line":83,"column":10},"end":{"line":83,"column":64}},"55":{"start":{"line":83,"column":19},"end":{"line":83,"column":64}},"56":{"start":{"line":86,"column":8},"end":{"line":86,"column":74}},"57":{"start":{"line":91,"column":2},"end":{"line":106,"column":3}},"58":{"start":{"line":92,"column":4},"end":{"line":92,"column":40}},"59":{"start":{"line":94,"column":4},"end":{"line":94,"column":41}},"60":{"start":{"line":94,"column":33},"end":{"line":94,"column":41}},"61":{"start":{"line":96,"column":4},"end":{"line":103,"column":5}},"62":{"start":{"line":105,"column":4},"end":{"line":105,"column":39}},"63":{"start":{"line":109,"column":0},"end":{"line":138,"column":1}},"64":{"start":{"line":110,"column":2},"end":{"line":137,"column":3}},"65":{"start":{"line":111,"column":4},"end":{"line":111,"column":83}},"66":{"start":{"line":113,"column":4},"end":{"line":121,"column":5}},"67":{"start":{"line":123,"column":4},"end":{"line":136,"column":17}},"68":{"start":{"line":124,"column":6},"end":{"line":135,"column":7}},"69":{"start":{"line":125,"column":8},"end":{"line":125,"column":89}},"70":{"start":{"line":125,"column":23},"end":{"line":125,"column":89}},"71":{"start":{"line":126,"column":8},"end":{"line":126,"column":47}},"72":{"start":{"line":128,"column":8},"end":{"line":128,"column":44}},"73":{"start":{"line":130,"column":8},"end":{"line":134,"column":9}},"74":{"start":{"line":140,"column":0},"end":{"line":148,"column":1}},"75":{"start":{"line":141,"column":2},"end":{"line":141,"column":13}},"76":{"start":{"line":143,"column":2},"end":{"line":143,"column":84}},"77":{"start":{"line":143,"column":57},"end":{"line":143,"column":84}},"78":{"start":{"line":144,"column":2},"end":{"line":144,"column":84}},"79":{"start":{"line":145,"column":2},"end":{"line":145,"column":70}},"80":{"start":{"line":145,"column":19},"end":{"line":145,"column":32}},"81":{"start":{"line":145,"column":38},"end":{"line":145,"column":70}},"82":{"start":{"line":145,"column":57},"end":{"line":145,"column":70}},"83":{"start":{"line":147,"column":2},"end":{"line":147,"column":50}},"84":{"start":{"line":150,"column":0},"end":{"line":156,"column":1}},"85":{"start":{"line":151,"column":2},"end":{"line":155,"column":3}},"86":{"start":{"line":152,"column":4},"end":{"line":152,"column":39}},"87":{"start":{"line":154,"column":4},"end":{"line":154,"column":60}},"88":{"start":{"line":158,"column":0},"end":{"line":180,"column":1}},"89":{"start":{"line":159,"column":2},"end":{"line":179,"column":3}},"90":{"start":{"line":160,"column":4},"end":{"line":160,"column":86}},"91":{"start":{"line":161,"column":9},"end":{"line":179,"column":3}},"92":{"start":{"line":162,"column":4},"end":{"line":162,"column":69}},"93":{"start":{"line":164,"column":4},"end":{"line":170,"column":5}},"94":{"start":{"line":172,"column":4},"end":{"line":178,"column":6}},"95":{"start":{"line":173,"column":6},"end":{"line":177,"column":7}},"96":{"start":{"line":174,"column":8},"end":{"line":174,"column":44}},"97":{"start":{"line":176,"column":8},"end":{"line":176,"column":28}},"98":{"start":{"line":182,"column":0},"end":{"line":182,"column":25}}},"branchMap":{"1":{"line":13,"type":"binary-expr","locations":[{"start":{"line":13,"column":17},"end":{"line":13,"column":24}},{"start":{"line":13,"column":28},"end":{"line":13,"column":51}}]},"2":{"line":20,"type":"if","locations":[{"start":{"line":20,"column":2},"end":{"line":20,"column":2}},{"start":{"line":20,"column":2},"end":{"line":20,"column":2}}]},"3":{"line":35,"type":"if","locations":[{"start":{"line":35,"column":4},"end":{"line":35,"column":4}},{"start":{"line":35,"column":4},"end":{"line":35,"column":4}}]},"4":{"line":45,"type":"if","locations":[{"start":{"line":45,"column":2},"end":{"line":45,"column":2}},{"start":{"line":45,"column":2},"end":{"line":45,"column":2}}]},"5":{"line":45,"type":"binary-expr","locations":[{"start":{"line":45,"column":6},"end":{"line":45,"column":43}},{"start":{"line":45,"column":47},"end":{"line":45,"column":82}}]},"6":{"line":46,"type":"if","locations":[{"start":{"line":46,"column":4},"end":{"line":46,"column":4}},{"start":{"line":46,"column":4},"end":{"line":46,"column":4}}]},"7":{"line":52,"type":"binary-expr","locations":[{"start":{"line":52,"column":16},"end":{"line":52,"column":32}},{"start":{"line":52,"column":36},"end":{"line":52,"column":38}}]},"8":{"line":54,"type":"if","locations":[{"start":{"line":54,"column":6},"end":{"line":54,"column":6}},{"start":{"line":54,"column":6},"end":{"line":54,"column":6}}]},"9":{"line":78,"type":"if","locations":[{"start":{"line":78,"column":6},"end":{"line":78,"column":6}},{"start":{"line":78,"column":6},"end":{"line":78,"column":6}}]},"10":{"line":78,"type":"binary-expr","locations":[{"start":{"line":78,"column":10},"end":{"line":78,"column":13}},{"start":{"line":78,"column":19},"end":{"line":78,"column":46}},{"start":{"line":78,"column":52},"end":{"line":78,"column":79}}]},"11":{"line":79,"type":"binary-expr","locations":[{"start":{"line":79,"column":27},"end":{"line":79,"column":30}},{"start":{"line":79,"column":34},"end":{"line":79,"column":56}}]},"12":{"line":80,"type":"if","locations":[{"start":{"line":80,"column":13},"end":{"line":80,"column":13}},{"start":{"line":80,"column":13},"end":{"line":80,"column":13}}]},"13":{"line":83,"type":"if","locations":[{"start":{"line":83,"column":10},"end":{"line":83,"column":10}},{"start":{"line":83,"column":10},"end":{"line":83,"column":10}}]},"14":{"line":94,"type":"if","locations":[{"start":{"line":94,"column":4},"end":{"line":94,"column":4}},{"start":{"line":94,"column":4},"end":{"line":94,"column":4}}]},"15":{"line":110,"type":"if","locations":[{"start":{"line":110,"column":2},"end":{"line":110,"column":2}},{"start":{"line":110,"column":2},"end":{"line":110,"column":2}}]},"16":{"line":124,"type":"if","locations":[{"start":{"line":124,"column":6},"end":{"line":124,"column":6}},{"start":{"line":124,"column":6},"end":{"line":124,"column":6}}]},"17":{"line":124,"type":"binary-expr","locations":[{"start":{"line":124,"column":10},"end":{"line":124,"column":13}},{"start":{"line":124,"column":17},"end":{"line":124,"column":44}}]},"18":{"line":125,"type":"if","locations":[{"start":{"line":125,"column":8},"end":{"line":125,"column":8}},{"start":{"line":125,"column":8},"end":{"line":125,"column":8}}]},"19":{"line":125,"type":"binary-expr","locations":[{"start":{"line":125,"column":42},"end":{"line":125,"column":45}},{"start":{"line":125,"column":49},"end":{"line":125,"column":65}},{"start":{"line":125,"column":69},"end":{"line":125,"column":88}}]},"20":{"line":126,"type":"binary-expr","locations":[{"start":{"line":126,"column":17},"end":{"line":126,"column":20}},{"start":{"line":126,"column":24},"end":{"line":126,"column":46}}]},"21":{"line":143,"type":"if","locations":[{"start":{"line":143,"column":2},"end":{"line":143,"column":2}},{"start":{"line":143,"column":2},"end":{"line":143,"column":2}}]},"22":{"line":143,"type":"binary-expr","locations":[{"start":{"line":143,"column":7},"end":{"line":143,"column":16}},{"start":{"line":143,"column":22},"end":{"line":143,"column":54}}]},"23":{"line":144,"type":"cond-expr","locations":[{"start":{"line":144,"column":50},"end":{"line":144,"column":71}},{"start":{"line":144,"column":74},"end":{"line":144,"column":78}}]},"24":{"line":144,"type":"binary-expr","locations":[{"start":{"line":144,"column":15},"end":{"line":144,"column":24}},{"start":{"line":144,"column":30},"end":{"line":144,"column":45}}]},"25":{"line":145,"type":"if","locations":[{"start":{"line":145,"column":2},"end":{"line":145,"column":2}},{"start":{"line":145,"column":2},"end":{"line":145,"column":2}}]},"26":{"line":145,"type":"if","locations":[{"start":{"line":145,"column":38},"end":{"line":145,"column":38}},{"start":{"line":145,"column":38},"end":{"line":145,"column":38}}]},"27":{"line":151,"type":"if","locations":[{"start":{"line":151,"column":2},"end":{"line":151,"column":2}},{"start":{"line":151,"column":2},"end":{"line":151,"column":2}}]},"28":{"line":159,"type":"if","locations":[{"start":{"line":159,"column":2},"end":{"line":159,"column":2}},{"start":{"line":159,"column":2},"end":{"line":159,"column":2}}]},"29":{"line":161,"type":"if","locations":[{"start":{"line":161,"column":9},"end":{"line":161,"column":9}},{"start":{"line":161,"column":9},"end":{"line":161,"column":9}}]},"30":{"line":173,"type":"if","locations":[{"start":{"line":173,"column":6},"end":{"line":173,"column":6}},{"start":{"line":173,"column":6},"end":{"line":173,"column":6}}]},"31":{"line":173,"type":"binary-expr","locations":[{"start":{"line":173,"column":10},"end":{"line":173,"column":13}},{"start":{"line":173,"column":17},"end":{"line":173,"column":44}}]},"32":{"line":174,"type":"binary-expr","locations":[{"start":{"line":174,"column":17},"end":{"line":174,"column":20}},{"start":{"line":174,"column":24},"end":{"line":174,"column":43}}]}},"code":["var request = require('request')","var http = require('http')","var ip = require('ip')","var xml2js = require('xml2js')","var util = require('util')","var _ = require('underscore')","var events = require('events')","","var Listener = function (device, options) {","  this.device = device","  this.parser = new xml2js.Parser()","  this.services = {}","  this.options = options || {'interface': 'public'} // If you want to use a different interface for listening, specify the name in options.interface","}","","util.inherits(Listener, events.EventEmitter)","","Listener.prototype._startInternalServer = function (callback) {","  this.port = 0","  if ('port' in this.options) {","    this.port = this.options.port","  }","","  this.server = http.createServer(function (req, res) {","    var buffer = ''","    req.on('data', function (d) {","      buffer += d","    })","","    req.on('end', function () {","      req.body = buffer","      this._messageHandler(req, res)","    }.bind(this))","  }.bind(this)).listen(this.port, function () {","    if (this.port === 0) {","      this.port = this.server.address().port","    }","    callback(null, this.port)","","    setInterval(this._renewServices.bind(this), 1 * 1000)","  }.bind(this))","}","","Listener.prototype._messageHandler = function (req, res) {","  if (req.method.toUpperCase() === 'NOTIFY' && req.url.toLowerCase() === '/notify') {","    if (!this.services[req.headers.sid]) {","      return","    }","","    var thisService = this.services[req.headers.sid]","","    var items = thisService.data || {}","    this.parser.parseString(req.body.toString(), function (error, data) {","      if (error) {","        res.end(500)","      }","      _.each(data['e:propertyset']['e:property'], function (element) {","        _.each(_.keys(element), function (key) {","          items[key] = element[key][0]","        })","      })","","      this.emit('serviceEvent', thisService.endpoint, req.headers.sid, thisService.data)","      res.end()","    }.bind(this))","  }","}","","Listener.prototype._renewServices = function () {","  var sid","","  var now = new Date().getTime()","","  var renew = function (sid) {","    return function (err, response) {","      var serviceEndpoint = this.services[sid].endpoint","","      if (err || ((response.statusCode !== 200) && (response.statusCode !== 412))) {","        this.emit('error', err || response.statusMessage, serviceEndpoint, sid)","      } else if (response.statusCode === 412) { // restarted, this is why renewal is at most 300sec","        delete this.services[sid]","        this.addService(serviceEndpoint, function (err, sid) {","          if (err) this.emit('error', err, serviceEndpoint, sid)","        })","      } else {","        this.services[sid].renew = this.renew_at(response.headers.timeout)","      }","    }","  }","","  for (sid in this.services) {","    var thisService = this.services[sid]","","    if (now < thisService.renew) continue","","    var opt = {","      url: 'http://' + this.device.host + ':' + this.device.port + thisService.endpoint,","      method: 'SUBSCRIBE',","      headers: {","        SID: sid,","        Timeout: 'Second-3600'","      }","    }","","    request(opt, renew(sid).bind(this))","  }","}","","Listener.prototype.addService = function (serviceEndpoint, callback) {","  if (!this.server) {","    throw new Error('Service endpoints can only be added after listen() is called')","  } else {","    var opt = {","      url: 'http://' + this.device.host + ':' + this.device.port + serviceEndpoint,","      method: 'SUBSCRIBE',","      headers: {","        callback: '<http://' + ip.address(this.options.interface) + ':' + this.port + '/notify>',","        NT: 'upnp:event',","        Timeout: 'Second-3600'","      }","    }","","    request(opt, function (err, response) {","      if (err || response.statusCode !== 200) {","        if (!callback) return console.log(err || response.message || response.statusCode)","        callback(err || response.statusMessage)","      } else {","        callback(null, response.headers.sid)","","        this.services[response.headers.sid] = {","          renew: this.renew_at(response.headers.timeout),","          endpoint: serviceEndpoint,","          data: {}","        }","      }","    }.bind(this))","  }","}","","Listener.prototype.renew_at = function (timeout) {","  var seconds","","  if ((!!timeout) && (timeout.indexOf('Second-') === 0)) timeout = timeout.substr(7)","  seconds = (((!!timeout) && (!isNaN(timeout))) ? parseInt(timeout, 10) : 3600) - 15","  if (seconds < 0) seconds = 15; else if (seconds > 300) seconds = 300","","  return (new Date().getTime() + (seconds * 1000))","}","","Listener.prototype.listen = function (callback) {","  if (!this.server) {","    this._startInternalServer(callback)","  } else {","    throw new Error('Service listener is already listening')","  }","}","","Listener.prototype.removeService = function (sid, callback) {","  if (!this.server) {","    throw new Error('Service endpoints can only be modified after listen() is called')","  } else if (!this.services[sid]) {","    throw new Error('Service with sid ' + sid + ' is not registered')","  } else {","    var opt = {","      url: 'http://' + this.device.host + ':' + this.device.port + this.services[sid].endpoint,","      method: 'UNSUBSCRIBE',","      headers: {","        sid: sid","      }","    }","","    request(opt, function (err, response) {","      if (err || response.statusCode !== 200) {","        callback(err || response.statusCode)","      } else {","        callback(null, true)","      }","    })","  }","}","","module.exports = Listener",""],"l":{"1":1,"2":1,"3":1,"4":1,"5":1,"6":1,"7":1,"9":1,"10":0,"11":0,"12":0,"13":0,"16":1,"18":1,"19":0,"20":0,"21":0,"24":0,"25":0,"26":0,"27":0,"30":0,"31":0,"32":0,"35":0,"36":0,"38":0,"40":0,"44":1,"45":0,"46":0,"47":0,"50":0,"52":0,"53":0,"54":0,"55":0,"57":0,"58":0,"59":0,"63":0,"64":0,"69":1,"70":0,"72":0,"74":0,"75":0,"76":0,"78":0,"79":0,"80":0,"81":0,"82":0,"83":0,"86":0,"91":0,"92":0,"94":0,"96":0,"105":0,"109":1,"110":0,"111":0,"113":0,"123":0,"124":0,"125":0,"126":0,"128":0,"130":0,"140":1,"141":0,"143":0,"144":0,"145":0,"147":0,"150":1,"151":0,"152":0,"154":0,"158":1,"159":0,"160":0,"161":0,"162":0,"164":0,"172":0,"173":0,"174":0,"176":0,"182":1}}}